
**** Build of configuration Debug for project 12_I2C_LED_KEY ****

"C:\\ti\\ccsv5\\utils\\bin\\gmake" -k all 
'Building file: ../main.c'
'Invoking: MSP430 Compiler'
"C:/ti/ccsv5/tools/compiler/msp430_4.2.1/bin/cl430" -vmsp --abi=coffabi --include_path="C:/ti/ccsv5/ccs_base/msp430/include" --include_path="C:/ti/ccsv5/tools/compiler/msp430_4.2.1/include" --include_path="C:/Users/SAPL108/Desktop/G2 pocket lab code for CCS5.5/12_I2C_LED_KEY/hwTCA6416A" -g --define=__MSP430G2553__ --diag_warning=225 --display_error_number --printf_support=minimal --preproc_with_compile --preproc_dependency="main.pp"  "../main.c"
'Finished building: ../main.c'
' '
'Building file: ../hwTCA6416A/TCA6416A.c'
'Invoking: MSP430 Compiler'
"C:/ti/ccsv5/tools/compiler/msp430_4.2.1/bin/cl430" -vmsp --abi=coffabi --include_path="C:/ti/ccsv5/ccs_base/msp430/include" --include_path="C:/ti/ccsv5/tools/compiler/msp430_4.2.1/include" --include_path="C:/Users/SAPL108/Desktop/G2 pocket lab code for CCS5.5/12_I2C_LED_KEY/hwTCA6416A" -g --define=__MSP430G2553__ --diag_warning=225 --display_error_number --printf_support=minimal --preproc_with_compile --preproc_dependency="hwTCA6416A/TCA6416A.pp" --obj_directory="hwTCA6416A"  "../hwTCA6416A/TCA6416A.c"
'Finished building: ../hwTCA6416A/TCA6416A.c'
' '
'Building file: ../hwTCA6416A/USCI_I2C.c'
'Invoking: MSP430 Compiler'
"C:/ti/ccsv5/tools/compiler/msp430_4.2.1/bin/cl430" -vmsp --abi=coffabi --include_path="C:/ti/ccsv5/ccs_base/msp430/include" --include_path="C:/ti/ccsv5/tools/compiler/msp430_4.2.1/include" --include_path="C:/Users/SAPL108/Desktop/G2 pocket lab code for CCS5.5/12_I2C_LED_KEY/hwTCA6416A" -g --define=__MSP430G2553__ --diag_warning=225 --display_error_number --printf_support=minimal --preproc_with_compile --preproc_dependency="hwTCA6416A/USCI_I2C.pp" --obj_directory="hwTCA6416A"  "../hwTCA6416A/USCI_I2C.c"
'Finished building: ../hwTCA6416A/USCI_I2C.c'
' '
'Building target: 12_I2C_LED_KEY.out'
'Invoking: MSP430 Linker'
"C:/ti/ccsv5/tools/compiler/msp430_4.2.1/bin/cl430" -vmsp --abi=coffabi -g --define=__MSP430G2553__ --diag_warning=225 --display_error_number --printf_support=minimal -z -m"12_I2C_LED_KEY.map" --heap_size=80 --stack_size=80 -i"C:/ti/ccsv5/ccs_base/msp430/include" -i"C:/ti/ccsv5/tools/compiler/msp430_4.2.1/lib" -i"C:/ti/ccsv5/tools/compiler/msp430_4.2.1/include" --reread_libs --warn_sections --xml_link_info="12_I2C_LED_KEY_linkInfo.xml" --rom_model -o "12_I2C_LED_KEY.out"  "./hwTCA6416A/USCI_I2C.obj" "./hwTCA6416A/TCA6416A.obj" "./main.obj" "../lnk_msp430g2553.cmd" -l"libc.a" 
<Linking>
'Finished building target: 12_I2C_LED_KEY.out'
' '

**** Build Finished ****
