
**** Build of configuration Debug for project 13_2_LED_KEY_I2C_Hard_or_Soft ****

"C:\\ti\\ccsv5\\utils\\bin\\gmake" -k all 
'Building file: ../main.c'
'Invoking: MSP430 Compiler'
"C:/ti/ccsv5/tools/compiler/msp430_4.2.1/bin/cl430" -vmsp --abi=coffabi --include_path="C:/ti/ccsv5/ccs_base/msp430/include" --include_path="C:/Users/SAPL108/Desktop/G2 pocket lab code for CCS5.5/13_2_LED_KEY_I2C_Hard_or_Soft/src" --include_path="C:/ti/ccsv5/tools/compiler/msp430_4.2.1/include" -g --define=__MSP430G2553__ --diag_warning=225 --display_error_number --printf_support=minimal --preproc_with_compile --preproc_dependency="main.pp"  "../main.c"
'Finished building: ../main.c'
' '
'Building file: ../src/I2C.c'
'Invoking: MSP430 Compiler'
"C:/ti/ccsv5/tools/compiler/msp430_4.2.1/bin/cl430" -vmsp --abi=coffabi --include_path="C:/ti/ccsv5/ccs_base/msp430/include" --include_path="C:/Users/SAPL108/Desktop/G2 pocket lab code for CCS5.5/13_2_LED_KEY_I2C_Hard_or_Soft/src" --include_path="C:/ti/ccsv5/tools/compiler/msp430_4.2.1/include" -g --define=__MSP430G2553__ --diag_warning=225 --display_error_number --printf_support=minimal --preproc_with_compile --preproc_dependency="src/I2C.pp" --obj_directory="src"  "../src/I2C.c"
'Finished building: ../src/I2C.c'
' '
'Building file: ../src/TCA6416A.c'
'Invoking: MSP430 Compiler'
"C:/ti/ccsv5/tools/compiler/msp430_4.2.1/bin/cl430" -vmsp --abi=coffabi --include_path="C:/ti/ccsv5/ccs_base/msp430/include" --include_path="C:/Users/SAPL108/Desktop/G2 pocket lab code for CCS5.5/13_2_LED_KEY_I2C_Hard_or_Soft/src" --include_path="C:/ti/ccsv5/tools/compiler/msp430_4.2.1/include" -g --define=__MSP430G2553__ --diag_warning=225 --display_error_number --printf_support=minimal --preproc_with_compile --preproc_dependency="src/TCA6416A.pp" --obj_directory="src"  "../src/TCA6416A.c"
'Finished building: ../src/TCA6416A.c'
' '
'Building target: 13_2_LED_KEY_I2C_Hard_or_Soft.out'
'Invoking: MSP430 Linker'
"C:/ti/ccsv5/tools/compiler/msp430_4.2.1/bin/cl430" -vmsp --abi=coffabi -g --define=__MSP430G2553__ --diag_warning=225 --display_error_number --printf_support=minimal -z -m"13_2_LED_KEY_I2C_Hard_or_Soft.map" --heap_size=80 --stack_size=80 -i"C:/ti/ccsv5/ccs_base/msp430/include" -i"C:/ti/ccsv5/tools/compiler/msp430_4.2.1/lib" -i"C:/ti/ccsv5/tools/compiler/msp430_4.2.1/include" --reread_libs --warn_sections --xml_link_info="13_2_LED_KEY_I2C_Hard_or_Soft_linkInfo.xml" --rom_model -o "13_2_LED_KEY_I2C_Hard_or_Soft.out"  "./src/TCA6416A.obj" "./src/I2C.obj" "./main.obj" "../lnk_msp430g2553.cmd" -l"libc.a" 
<Linking>
'Finished building target: 13_2_LED_KEY_I2C_Hard_or_Soft.out'
' '

**** Build Finished ****
