
**** Build of configuration Debug for project 7_1_Breath_Lamp ****

"C:\\ti\\ccsv5\\utils\\bin\\gmake" -k all 
'Building file: ../main.c'
'Invoking: MSP430 Compiler'
"C:/ti/ccsv5/tools/compiler/msp430_4.2.1/bin/cl430" -vmsp --abi=coffabi --include_path="C:/ti/ccsv5/ccs_base/msp430/include" --include_path="C:/Users/SAPL108/Desktop/G2 pocket lab code for CCS5.5/7_1_Breath_Lamp/src" --include_path="C:/ti/ccsv5/tools/compiler/msp430_4.2.1/include" -g --define=__MSP430G2553__ --diag_warning=225 --display_error_number --printf_support=minimal --preproc_with_compile --preproc_dependency="main.pp"  "../main.c"
'Finished building: ../main.c'
' '
'Building file: ../src/Breath_Lamp_Event.c'
'Invoking: MSP430 Compiler'
"C:/ti/ccsv5/tools/compiler/msp430_4.2.1/bin/cl430" -vmsp --abi=coffabi --include_path="C:/ti/ccsv5/ccs_base/msp430/include" --include_path="C:/Users/SAPL108/Desktop/G2 pocket lab code for CCS5.5/7_1_Breath_Lamp/src" --include_path="C:/ti/ccsv5/tools/compiler/msp430_4.2.1/include" -g --define=__MSP430G2553__ --diag_warning=225 --display_error_number --printf_support=minimal --preproc_with_compile --preproc_dependency="src/Breath_Lamp_Event.pp" --obj_directory="src"  "../src/Breath_Lamp_Event.c"
'Finished building: ../src/Breath_Lamp_Event.c'
' '
'Building file: ../src/Breath_Lamp_Global.c'
'Invoking: MSP430 Compiler'
"C:/ti/ccsv5/tools/compiler/msp430_4.2.1/bin/cl430" -vmsp --abi=coffabi --include_path="C:/ti/ccsv5/ccs_base/msp430/include" --include_path="C:/Users/SAPL108/Desktop/G2 pocket lab code for CCS5.5/7_1_Breath_Lamp/src" --include_path="C:/ti/ccsv5/tools/compiler/msp430_4.2.1/include" -g --define=__MSP430G2553__ --diag_warning=225 --display_error_number --printf_support=minimal --preproc_with_compile --preproc_dependency="src/Breath_Lamp_Global.pp" --obj_directory="src"  "../src/Breath_Lamp_Global.c"
'Finished building: ../src/Breath_Lamp_Global.c'
' '
'Building file: ../src/TA_PWM.c'
'Invoking: MSP430 Compiler'
"C:/ti/ccsv5/tools/compiler/msp430_4.2.1/bin/cl430" -vmsp --abi=coffabi --include_path="C:/ti/ccsv5/ccs_base/msp430/include" --include_path="C:/Users/SAPL108/Desktop/G2 pocket lab code for CCS5.5/7_1_Breath_Lamp/src" --include_path="C:/ti/ccsv5/tools/compiler/msp430_4.2.1/include" -g --define=__MSP430G2553__ --diag_warning=225 --display_error_number --printf_support=minimal --preproc_with_compile --preproc_dependency="src/TA_PWM.pp" --obj_directory="src"  "../src/TA_PWM.c"
'Finished building: ../src/TA_PWM.c'
' '
'Building target: 7_1_Breath_Lamp.out'
'Invoking: MSP430 Linker'
"C:/ti/ccsv5/tools/compiler/msp430_4.2.1/bin/cl430" -vmsp --abi=coffabi -g --define=__MSP430G2553__ --diag_warning=225 --display_error_number --printf_support=minimal -z -m"7_1_Breath_Lamp.map" --heap_size=80 --stack_size=80 -i"C:/ti/ccsv5/ccs_base/msp430/include" -i"C:/ti/ccsv5/tools/compiler/msp430_4.2.1/lib" -i"C:/ti/ccsv5/tools/compiler/msp430_4.2.1/include" --reread_libs --warn_sections --xml_link_info="7_1_Breath_Lamp_linkInfo.xml" --rom_model -o "7_1_Breath_Lamp.out"  "./src/TA_PWM.obj" "./src/Breath_Lamp_Global.obj" "./src/Breath_Lamp_Event.obj" "./main.obj" "../lnk_msp430g2553.cmd" -l"libc.a" 
<Linking>
'Finished building target: 7_1_Breath_Lamp.out'
' '

**** Build Finished ****
