C51 COMPILER V9.00   ADC                                                                   06/20/2019 18:59:27 PAGE 1   


C51 COMPILER V9.00, COMPILATION OF MODULE ADC
OBJECT MODULE PLACED IN adc.OBJ
COMPILER INVOKED BY: D:\KeilC51\C51\BIN\C51.EXE adc.c BROWSE DEBUG OBJECTEXTEND

line level    source

   1          #include "C8051F020.h"
   2          #include "adc.h"
   3          //正弦波数据表,俺用wps的表格功能算的哟！
   4          //code unsigned  int sintab[100]={2048 ,2178 ,2307 ,2436 ,2562 ,2687 ,2809 ,2928 ,3044 ,3155 ,3262 ,3364 ,
             -3461 ,3552 ,3638 ,3716 ,3788 ,3853 ,3911 ,3961 ,4004 ,4038 ,4065 ,4083 ,4094 ,4095 ,4090 ,4075 ,4053 ,4022 ,3983 ,3937 ,
             -3883 ,3822 ,3753 ,3678 ,3596 ,3508 ,3414 ,3314 ,3209 ,3100 ,2986 ,2869 ,2748 ,2625 ,2499 ,2372 ,2243 ,2113 ,1983 ,1853 ,
             -1724 ,1597 ,1471 ,1348 ,1227 ,1110 ,996 ,887 ,782 ,682 ,588 ,500 ,418 ,343 ,274 ,213 ,159 ,113 ,74 ,43 ,21 ,6 ,0 ,2 ,13 
             -,31 ,58 ,92 ,135 ,185 ,243 ,308 ,380 ,458 ,544 ,635 ,732 ,834 ,941 ,1052 ,1168 ,1287 ,1409 ,1534 ,1660 ,1789 ,1918 ,2048
             - };
   5          //
   6          //sfr16 ADC0     = 0xbe;                 // ADC0 data
   7          //
   8          //int xdata adcmem[1000];
   9          //int k=0;
  10          unsigned int ms=0;
  11          unsigned int sTotal=0;
  12          void TIMER3_ISR(void) interrupt 14         //TIME3 
  13          {
  14   1         TMR3CN &= ~0x80;                     /* TMR3CN.7（TF3）置为0
  15   1                                                                                      TF3：定时器 3 溢出标志   
  16   1                                                                                      当定时器3从0xFFFF到0x0000溢出时由硬件置位。
  17   1                                                                                  当定时器3中断被允许时， 该位置‘1’使 CPU 转向定时器 3 的中断服务程序。
  18   1                                                                                  该位不能由硬件自动清 0， 必须用软件清 0。*/
  19   1              ms++;
  20   1              if(ms>999)
  21   1              {
  22   2                      ms=0;
  23   2                      sTotal++;
  24   2                      P5^=0x01;                                               //P5.1交替闪亮
  25   2              }
  26   1      }
  27          
  28          
  29          
  30          
  31          
  32          //void ADC0_ISR(void) interrupt 15         //ADC0 
  33          //{
  34          //   AD0INT = 0;                         //clear ADC conversion complete overflow   
  35          //   DAC0L=ADC0L;
  36          //   DAC0H=ADC0H;
  37          //   k++;
  38          //   if(k>999)k=0;
  39          //   adcmem[k]=ADC0;
  40          //   DAC1L=sintab[k/10];
  41          //   DAC1H=(sintab[k/10])>>8;
  42          //}


MODULE INFORMATION:   STATIC OVERLAYABLE
   CODE SIZE        =     46    ----
   CONSTANT SIZE    =   ----    ----
   XDATA SIZE       =   ----    ----
   PDATA SIZE       =   ----    ----
   DATA SIZE        =      4    ----
C51 COMPILER V9.00   ADC                                                                   06/20/2019 18:59:27 PAGE 2   

   IDATA SIZE       =   ----    ----
   BIT SIZE         =   ----    ----
END OF MODULE INFORMATION.


C51 COMPILATION COMPLETE.  0 WARNING(S),  0 ERROR(S)
