C51 COMPILER V9.00   MAIN                                                                  05/14/2019 16:16:11 PAGE 1   


C51 COMPILER V9.00, COMPILATION OF MODULE MAIN
OBJECT MODULE PLACED IN .\Object\main.obj
COMPILER INVOKED BY: D:\KeilC51\C51\BIN\C51.EXE main.c BROWSE INCDIR(.\Peripheral_H;.\Common) DEBUG OBJECTEXTEND PRINT(.
                    -\List\main.lst) OBJECT(.\Object\main.obj)

line level    source

   1          #include "math.h"
   2          #include "init.h"
   3          #include "lcd.h"
   4          #include "key.h"
   5          #include "timer3.h"
   6          #include "compositechars.h"
   7          #include "C8051F020.h"
   8          
   9          //八拍  CCW = CounterClockWise ; CW = ClockWise;
  10           unsigned char code eightCCW[8]={0x08,0x0c,0x04,0x06,0x02,0x03,0x01,0x09};   //逆时钟旋转相序表 
  11           unsigned char code eightCW[8]={0x09,0x01,0x03,0x02,0x06,0x04,0x0c,0x08};    //正时钟旋转相序表
  12          
  13          //四拍
  14           unsigned char code fourCCW[4]={0x01,0x08,0x04,0x02};
  15           unsigned char code fourCW[4]={0x02,0x04,0x08,0x01};
  16          
  17           uchar pageFlag ;
  18           uchar str_f[5],str_s[5],str_n[5];
  19           uint frequency;
  20           ulong speed;
  21          
  22           void Motor_CCW();
  23           void Motor_CW();
  24           void Double_Up();
  25           void Double_Down();
  26           void StopMotor();
  27           void Show();
  28           void Caculate();
  29          
  30          void Main()
  31          {       
  32   1               uchar key=0,flag=0;
  33   1               int i=0,N=64;
  34   1                       
  35   1               Init_Device();          
  36   1           DrawcharS("Project-4",1,4);
  37   1           DrawcharS("3.28--4.16",2,4);                                       
  38   1               DelayMSec(1000);
  39   1               pageFlag=0;
  40   1               Caculate();
  41   1               Clear();
  42   1                                                      
  43   1               while(1)
  44   1               {      
  45   2                      Show();         
  46   2                      key = KeyScan();
  47   2                      if(key!=0)
  48   2                      {
  49   3                              switch(key)
  50   3                              {
  51   4                                      case 1: //顺时针转
  52   4                                                      Clear(); //清屏
  53   4                                                      Show();
  54   4                                                      DrawhanziS("6",0,0);                    
C51 COMPILER V9.00   MAIN                                                                  05/14/2019 16:16:11 PAGE 2   

  55   4                                                      while(1)
  56   4                                                      {
  57   5      //                                                      Motor_CW();
  58   5                                                              Double_Up();
  59   5                                                              flag=KeyScan();                                                 
  60   5                                                              if(flag==1)
  61   5                                                              {
  62   6                                                                      StopMotor();
  63   6                                                                      break;  
  64   6                                                              }                                                       
  65   5                                                      }
  66   4                                                      flag=0;
  67   4                                                      Clear();
  68   4                                                      break;
  69   4                                      case 2: //逆时针转
  70   4                                                      Clear(); //清屏
  71   4                                                      Show();
  72   4                                                      DrawhanziS("6",1,0);                                            
  73   4                                                      while(1)
  74   4                                                      {                                                       
  75   5      //                                                      Motor_CCW();
  76   5                                                              Double_Down();
  77   5                                                              flag=KeyScan();
  78   5                                                              if(flag==2)
  79   5                                                              {
  80   6                                                                      StopMotor();
  81   6                                                                      break;
  82   6                                                              }                                                                                                               
  83   5                                                      }
  84   4                                                      flag=0;
  85   4                                                      Clear();
  86   4                                                      break;
  87   4                                      case 3: //转1/4圈
  88   4                                                      DrawhanziS("6",2,0);                            
  89   4                                                      for(i=0;i<N/4;i++)
  90   4                                                      {
  91   5                                                              Motor_CW();
  92   5                                                      }
  93   4                                                      Clear();
  94   4                                                      break;
  95   4                                      case 4://转1/8圈
  96   4                                                      DrawhanziS("6",3,0);                                            
  97   4                                                      for(i=0;i<N/8;i++)
  98   4                                                      {
  99   5                                                              Motor_CCW();
 100   5                                                      }
 101   4                                                      Clear();
 102   4                                                      break;
 103   4                                      case 6://                                               
 104   4                                                      timeThreshold++;                                        
 105   4                                                      if(timeThreshold>=20)
 106   4                                                      {
 107   5                                                              timeThreshold=20;
 108   5                                                      }
 109   4                                                      Caculate();
 110   4                                                      Clear();
 111   4                                                      break;
 112   4                                      case 7://
 113   4                                                      timeThreshold--;                                                
 114   4                                                      if(timeThreshold<=5)
 115   4                                                      {
 116   5                                                              timeThreshold = 5;
C51 COMPILER V9.00   MAIN                                                                  05/14/2019 16:16:11 PAGE 3   

 117   5                                                      }
 118   4                                                      Caculate();
 119   4                                                      Clear();
 120   4                                                      break;
 121   4                                      case 9://
 122   4                                                      pageFlag ++;
 123   4                                                      if(pageFlag == 100)
 124   4                                                      {
 125   5                                                              pageFlag = 0;
 126   5                                                      }
 127   4                                                      Clear();
 128   4                                                      break;                  
 129   4                                      default:break;
 130   4      
 131   4                              }
 132   3                      }
 133   2               } 
 134   1      }
 135          //电机旋转一周，不是外面所看到的一周，是里面的传动轮转了一周
 136          //正转8拍
 137          void Motor_CW(void)
 138          {
 139   1        uchar i,j;
 140   1        for(j=0;j<8;j++)
 141   1        {     
 142   2              for(i=0;i<8;i++)
 143   2              {
 144   3                      while(1)
 145   3                      {
 146   4                              P7=eightCW[i];
 147   4                              if(timeFlag==1)
 148   4                              {
 149   5                                      timeFlag=0;
 150   5                                      break;
 151   5                              }
 152   4                      }
 153   3              }
 154   2                 
 155   2        }
 156   1      }
 157          
 158          //反转8拍
 159          void Motor_CCW(void)
 160          {
 161   1        uchar i,j;
 162   1        for(j=0;j<8;j++)     
 163   1        {  
 164   2              for(i=0;i<8;i++)        
 165   2               {
 166   3                      while(1)
 167   3                      {
 168   4                              P7=eightCCW[i];
 169   4                              if(timeFlag==1)
 170   4                              {
 171   5                                      timeFlag=0;
 172   5                                      break;
 173   5                              }
 174   4                      }
 175   3                 
 176   3               }
 177   2        }
 178   1      }
C51 COMPILER V9.00   MAIN                                                                  05/14/2019 16:16:11 PAGE 4   

 179          
 180          void Double_Up(void)
 181          {
 182   1        uchar i,j;
 183   1        for(j=0;j<8;j++)
 184   1        {     
 185   2              for(i=0;i<8;i++)
 186   2              {
 187   3                      while(1)
 188   3                      {
 189   4                              P7=eightCW[i];
 190   4                              P6=eightCCW[i];
 191   4                              if(timeFlag==1)
 192   4                              {
 193   5                                      timeFlag=0;
 194   5                                      break;
 195   5                              }
 196   4                      }
 197   3              }
 198   2                 
 199   2        }
 200   1      }
 201          
 202          void Double_Down(void)
 203          {
 204   1        uchar i,j;
 205   1        for(j=0;j<8;j++)
 206   1        {     
 207   2              for(i=0;i<8;i++)
 208   2              {
 209   3                      while(1)
 210   3                      {
 211   4                              P7=eightCCW[i];
 212   4                              P6=eightCW[i];
 213   4                              if(timeFlag==1)
 214   4                              {
 215   5                                      timeFlag=0;
 216   5                                      break;
 217   5                              }
 218   4                      }
 219   3              }
 220   2                 
 221   2        }
 222   1      }
 223          void StopMotor(void)
 224          {
 225   1              P7=0x00;
 226   1      }
 227          
 228          void Show()
 229          {
 230   1              if((pageFlag%2)== 0)
 231   1              {
 232   2                      DrawcharS(" TimeN  :",0,1),DrawcharS(str_n,0,10);
 233   2                      DrawcharS(" StepFre:",1,1),DrawcharS(str_f,1,10),DrawcharS("HZ",1,14);
 234   2                      DrawcharS(" Speed  :",2,1),DrawcharS(str_s,2,10),DrawcharS("c/m",2,13);
 235   2                      DrawcharS("6.Down",3,0);DrawcharS("7.Up",3,8);
 236   2                      
 237   2              }
 238   1              else
 239   1              {
 240   2                      DrawcharS("1.",0,0),DrawhanziS("0234",0,1);
C51 COMPILER V9.00   MAIN                                                                  05/14/2019 16:16:11 PAGE 5   

 241   2                      DrawcharS("2.",1,0),DrawhanziS("1234",1,1);
 242   2                      DrawcharS("3.",2,0),DrawhanziS("4",2,1),DrawcharS("1/4",2,4),DrawhanziS("5",2,4);
 243   2                      DrawcharS("4.",3,0),DrawhanziS("4",3,1),DrawcharS("1/8",3,4),DrawhanziS("5",3,4);
 244   2              }       
 245   1      }
 246          
 247          void Caculate()
 248          {
 249   1              frequency = 10000/timeThreshold;
 250   1              speed = 146/timeThreshold;
 251   1              itoa(timeThreshold,str_n);
 252   1              itoa(frequency,str_f);
 253   1              itoa(speed,str_s);
 254   1              
 255   1      }


MODULE INFORMATION:   STATIC OVERLAYABLE
   CODE SIZE        =    883    ----
   CONSTANT SIZE    =    130    ----
   XDATA SIZE       =   ----    ----
   PDATA SIZE       =   ----    ----
   DATA SIZE        =     22       6
   IDATA SIZE       =   ----    ----
   BIT SIZE         =   ----    ----
END OF MODULE INFORMATION.


C51 COMPILATION COMPLETE.  0 WARNING(S),  0 ERROR(S)
