C51 COMPILER V9.00   LCD                                                                   03/11/2019 16:56:44 PAGE 1   


C51 COMPILER V9.00, COMPILATION OF MODULE LCD
OBJECT MODULE PLACED IN lcd.OBJ
COMPILER INVOKED BY: D:\KeilC51\C51\BIN\C51.EXE lcd.c BROWSE INCDIR(..\Project_1) DEBUG OBJECTEXTEND

line level    source

   1          #include <c8051f020.h>
   2          //#include <stdio.h>
   3          #include <math.h>
   4          //#include <DataType.h>
   5          #include "lcd.h"
   6          //#include "hanzi.h"
   7          
   8          
   9          
  10          sbit  SCK=  P3^4;
  11          sbit  SDA=  P3^5;
  12          
  13          const unsigned char code Fix[32]={
  14                          0x80,0x40,0x20,0x10,0x08,0x04,0x02,0x01,0x00,0x00,0x00,0x00,0x00,0x00,0x00,0x00,
  15                          0x00,0x00,0x00,0x00,0x00,0x00,0x00,0x00,0x80,0x40,0x20,0x10,0x08,0x04,0x02,0x01,
  16                  };
  17          
  18          const unsigned char code DzkCode[7][32]={
  19                  /* 0xCAAF [й╞]   [0]*/
  20                          0xC0,0x40,0x60,0x50,0x4B,0x4D,0x73,0x41,0x41,0x41,0x41,0x41,0x41,0x40,0x40,0x00,
  21                          0x10,0x20,0x40,0x80,0xFF,0x02,0x02,0x02,0x82,0x42,0x22,0x12,0xFF,0x04,0x02,0x01,
  22                  /* 0xF6CE [Жн]   [1]*/
  23                          0x90,0x50,0x31,0x35,0x3F,0x55,0x57,0x9F,0x55,0x55,0x37,0x25,0x11,0x10,0x10,0x00,
  24                          0x11,0x2B,0x69,0xBF,0x69,0x2B,0x11,0x00,0x91,0x6B,0x69,0xBF,0x69,0x2F,0x13,0x01,
  25                  /* 0xB1F3 [╠С]   [2]*/
  26                          0x88,0x49,0x68,0x38,0x0F,0x0C,0x06,0x25,0x25,0x24,0x04,0xFF,0x04,0x44,0x34,0x00,
  27                          0x02,0x04,0x98,0x60,0x9C,0x02,0x7F,0x02,0xFC,0x44,0x24,0xF0,0x0C,0x06,0x0F,0x01,
  28                  /* 0xD5C5 [уе]   [3]*/
  29                          0xC0,0x47,0x64,0x54,0x7C,0x05,0x03,0xFF,0x01,0x05,0x09,0x11,0x61,0x01,0x01,0x00,
  30                          0x00,0xC2,0x41,0x42,0x7C,0x00,0x00,0xFF,0x82,0xC4,0x60,0x10,0x08,0x04,0x02,0x01,
  31                  /* 0xD0C0 [пю]   [4]*/
  32                          0x80,0x40,0x3F,0x32,0x2A,0x47,0xC2,0x43,0x04,0x18,0xF0,0x13,0x10,0x14,0x18,0x00,
  33                          0x01,0x06,0xF8,0x00,0x00,0xFE,0x00,0x01,0x82,0x4C,0x30,0xD0,0x38,0x06,0x03,0x01,
  34                  /* 0xC2B3 [бЁ]   [5]*/
  35                          0x88,0x50,0x3F,0x55,0xDD,0x55,0x57,0x5F,0x55,0x55,0x75,0x15,0x1F,0x00,0x00,0x00,
  36                          0x40,0x40,0x40,0x5F,0x55,0x55,0x55,0x55,0xD5,0x55,0x75,0x5F,0x48,0x44,0x42,0x01,
  37                  /* 0xBAE3 [╨Ц]   [6]*/
  38                          0x80,0x47,0x20,0xFF,0x08,0x04,0x42,0x4F,0x49,0x49,0x49,0x49,0x49,0x4F,0x40,0x00,
  39                          0x80,0x00,0x00,0xFF,0x00,0x00,0x02,0xF2,0xA2,0x62,0x22,0x32,0x2A,0xF6,0x02,0x01,
  40                  };
  41          //extern const unsigned char code AsciiFontData[95][16];
  42          const unsigned char code AsciiFontData[95][16]  =
  43          {
  44          /*--  ндвж:     --*/
  45          /*--  кнлЕ9;  ╢квжлЕоб╤тс╕╣д╣ЦуСн╙ё╨©Мx╦ъ=8x15   --*/
  46          /*--  ╦ъ╤х╡╩йг8╣д╠╤йЩё╛ож╣ВуШн╙ё╨©М╤хx╦ъ╤х=8x16  --*/
  47          0x00,0x00,0x00,0x00,0x00,0x00,0x00,0x00,0x00,0x00,0x00,0x00,0x00,0x00,0x00,0x00,
  48          
  49          /*--  ндвж:  !  --*/
  50          /*--  кнлЕ9;  ╢квжлЕоб╤тс╕╣д╣ЦуСн╙ё╨©Мx╦ъ=8x15   --*/
  51          /*--  ╦ъ╤х╡╩йг8╣д╠╤йЩё╛ож╣ВуШн╙ё╨©М╤хx╦ъ╤х=8x16  --*/
  52          0x00,0x00,0x00,0x3F,0x00,0x00,0x00,0x00,0x00,0x00,0x00,0x98,0x18,0x00,0x00,0x00,
  53          
  54          /*--  ндвж:  "  --*/
  55          /*--  кнлЕ9;  ╢квжлЕоб╤тс╕╣д╣ЦуСн╙ё╨©Мx╦ъ=8x15   --*/
C51 COMPILER V9.00   LCD                                                                   03/11/2019 16:56:44 PAGE 2   

  56          /*--  ╦ъ╤х╡╩йг8╣д╠╤йЩё╛ож╣ВуШн╙ё╨©М╤хx╦ъ╤х=8x16  --*/
  57          0x00,0x08,0x30,0x48,0x30,0x40,0x00,0x00,0x00,0x00,0x00,0x00,0x00,0x00,0x00,0x00,
  58          
  59          /*--  ндвж:  #  --*/
  60          /*--  кнлЕ9;  ╢квжлЕоб╤тс╕╣д╣ЦуСн╙ё╨©Мx╦ъ=8x15   --*/
  61          /*--  ╦ъ╤х╡╩йг8╣д╠╤йЩё╛ож╣ВуШн╙ё╨©М╤хx╦ъ╤х=8x16  --*/
  62          0x00,0x04,0x04,0x1F,0x04,0x1F,0x04,0x00,0x00,0x40,0xF8,0x40,0xF8,0x40,0x40,0x00,
  63          
  64          /*--  ндвж:  $  --*/
  65          /*--  кнлЕ9;  ╢квжлЕоб╤тс╕╣д╣ЦуСн╙ё╨©Мx╦ъ=8x15   --*/
  66          /*--  ╦ъ╤х╡╩йг8╣д╠╤йЩё╛ож╣ВуШн╙ё╨©М╤хx╦ъ╤х=8x16  --*/
  67          0x00,0x0E,0x11,0x3F,0x10,0x0C,0x00,0x00,0x00,0x30,0x08,0xFE,0x88,0x70,0x00,0x00,
  68          
  69          /*--  ндвж:  %  --*/
  70          /*--  кнлЕ9;  ╢квжлЕоб╤тс╕╣д╣ЦуСн╙ё╨©Мx╦ъ=8x15   --*/
  71          /*--  ╦ъ╤х╡╩йг8╣д╠╤йЩё╛ож╣ВуШн╙ё╨©М╤хx╦ъ╤х=8x16  --*/
  72          0x0E,0x11,0x0E,0x01,0x06,0x18,0x00,0x00,0x00,0x18,0x60,0x80,0x70,0x88,0x70,0x00,
  73          
  74          /*--  ндвж:  &  --*/
  75          /*--  кнлЕ9;  ╢квжлЕоб╤тс╕╣д╣ЦуСн╙ё╨©Мx╦ъ=8x15   --*/
  76          /*--  ╦ъ╤х╡╩йг8╣д╠╤йЩё╛ож╣ВуШн╙ё╨©М╤хx╦ъ╤х=8x16  --*/
  77          0x00,0x0F,0x11,0x0F,0x01,0x01,0x00,0x00,0xF0,0x08,0xC8,0x28,0xF0,0x08,0x08,0x00,
  78          
  79          /*--  ндвж:  '  --*/
  80          /*--  кнлЕ9;  ╢квжлЕоб╤тс╕╣д╣ЦуСн╙ё╨©Мx╦ъ=8x15   --*/
  81          /*--  ╦ъ╤х╡╩йг8╣д╠╤йЩё╛ож╣ВуШн╙ё╨©М╤хx╦ъ╤х=8x16  --*/
  82          0x08,0x68,0x70,0x00,0x00,0x00,0x00,0x00,0x00,0x00,0x00,0x00,0x00,0x00,0x00,0x00,
  83          
  84          /*--  ндвж:  (  --*/
  85          /*--  кнлЕ9;  ╢квжлЕоб╤тс╕╣д╣ЦуСн╙ё╨©Мx╦ъ=8x15   --*/
  86          /*--  ╦ъ╤х╡╩йг8╣д╠╤йЩё╛ож╣ВуШн╙ё╨©М╤хx╦ъ╤х=8x16  --*/
  87          0x00,0x00,0x00,0x07,0x18,0x20,0x40,0x00,0x00,0x00,0x00,0xC0,0x30,0x08,0x04,0x00,
  88          
  89          /*--  ндвж:  )  --*/
  90          /*--  кнлЕ9;  ╢квжлЕоб╤тс╕╣д╣ЦуСн╙ё╨©Мx╦ъ=8x15   --*/
  91          /*--  ╦ъ╤х╡╩йг8╣д╠╤йЩё╛ож╣ВуШн╙ё╨©М╤хx╦ъ╤х=8x16  --*/
  92          0x00,0x40,0x20,0x18,0x07,0x00,0x00,0x00,0x00,0x04,0x08,0x30,0xC0,0x00,0x00,0x00,
  93          
  94          /*--  ндвж:  *  --*/
  95          /*--  кнлЕ9;  ╢квжлЕоб╤тс╕╣д╣ЦуСн╙ё╨©Мx╦ъ=8x15   --*/
  96          /*--  ╦ъ╤х╡╩йг8╣д╠╤йЩё╛ож╣ВуШн╙ё╨©М╤хx╦ъ╤х=8x16  --*/
  97          0x02,0x02,0x01,0x0F,0x01,0x02,0x02,0x00,0x40,0x40,0x80,0xF0,0x80,0x40,0x40,0x00,
  98          
  99          /*--  ндвж:  +  --*/
 100          /*--  кнлЕ9;  ╢квжлЕоб╤тс╕╣д╣ЦуСн╙ё╨©Мx╦ъ=8x15   --*/
 101          /*--  ╦ъ╤х╡╩йг8╣д╠╤йЩё╛ож╣ВуШн╙ё╨©М╤хx╦ъ╤х=8x16  --*/
 102          0x01,0x01,0x01,0x0F,0x01,0x01,0x01,0x00,0x00,0x00,0x00,0xE0,0x00,0x00,0x00,0x00,
 103          
 104          /*--  ндвж:  ,  --*/
 105          /*--  кнлЕ9;  ╢квжлЕоб╤тс╕╣д╣ЦуСн╙ё╨©Мx╦ъ=8x15   --*/
 106          /*--  ╦ъ╤х╡╩йг8╣д╠╤йЩё╛ож╣ВуШн╙ё╨©М╤хx╦ъ╤х=8x16  --*/
 107          0x00,0x00,0x00,0x00,0x00,0x00,0x00,0x00,0x02,0x1A,0x1C,0x00,0x00,0x00,0x00,0x00,
 108          
 109          /*--  ндвж:  -  --*/
 110          /*--  кнлЕ9;  ╢квжлЕоб╤тс╕╣д╣ЦуСн╙ё╨©Мx╦ъ=8x15   --*/
 111          /*--  ╦ъ╤х╡╩йг8╣д╠╤йЩё╛ож╣ВуШн╙ё╨©М╤хx╦ъ╤х=8x16  --*/
 112          0x01,0x01,0x01,0x01,0x01,0x01,0x01,0x00,0x00,0x00,0x00,0x00,0x00,0x00,0x00,0x00,
 113          
 114          /*--  ндвж:  .  --*/
 115          /*--  кнлЕ9;  ╢квжлЕоб╤тс╕╣д╣ЦуСн╙ё╨©Мx╦ъ=8x15   --*/
 116          /*--  ╦ъ╤х╡╩йг8╣д╠╤йЩё╛ож╣ВуШн╙ё╨©М╤хx╦ъ╤х=8x16  --*/
 117          0x00,0x00,0x00,0x00,0x00,0x00,0x00,0x00,0x00,0x18,0x18,0x00,0x00,0x00,0x00,0x00,
C51 COMPILER V9.00   LCD                                                                   03/11/2019 16:56:44 PAGE 3   

 118          
 119          /*--  ндвж:  /  --*/
 120          /*--  кнлЕ9;  ╢квжлЕоб╤тс╕╣д╣ЦуСн╙ё╨©Мx╦ъ=8x15   --*/
 121          /*--  ╦ъ╤х╡╩йг8╣д╠╤йЩё╛ож╣ВуШн╙ё╨©М╤хx╦ъ╤х=8x16  --*/
 122          0x00,0x00,0x00,0x01,0x06,0x38,0x40,0x00,0x00,0x0C,0x30,0xC0,0x00,0x00,0x00,0x00,
 123          
 124          /*--  ндвж:  0  --*/
 125          /*--  кнлЕ9;  ╢квжлЕоб╤тс╕╣д╣ЦуСн╙ё╨©Мx╦ъ=8x15   --*/
 126          /*--  ╦ъ╤х╡╩йг8╣д╠╤йЩё╛ож╣ВуШн╙ё╨©М╤хx╦ъ╤х=8x16  --*/
 127          0x00,0x07,0x08,0x10,0x10,0x08,0x07,0x00,0x00,0xE0,0x10,0x08,0x08,0x10,0xE0,0x00,
 128          
 129          /*--  ндвж:  1  --*/
 130          /*--  кнлЕ9;  ╢квжлЕоб╤тс╕╣д╣ЦуСн╙ё╨©Мx╦ъ=8x15   --*/
 131          /*--  ╦ъ╤х╡╩йг8╣д╠╤йЩё╛ож╣ВуШн╙ё╨©М╤хx╦ъ╤х=8x16  --*/
 132          0x00,0x08,0x08,0x1F,0x00,0x00,0x00,0x00,0x00,0x08,0x08,0xF8,0x08,0x08,0x00,0x00,
 133          
 134          /*--  ндвж:  2  --*/
 135          /*--  кнлЕ9;  ╢квжлЕоб╤тс╕╣д╣ЦуСн╙ё╨©Мx╦ъ=8x15   --*/
 136          /*--  ╦ъ╤х╡╩йг8╣д╠╤йЩё╛ож╣ВуШн╙ё╨©М╤хx╦ъ╤х=8x16  --*/
 137          0x00,0x0C,0x10,0x10,0x10,0x11,0x0E,0x00,0x00,0x18,0x28,0x48,0x88,0x08,0x18,0x00,
 138          
 139          /*--  ндвж:  3  --*/
 140          /*--  кнлЕ9;  ╢квжлЕоб╤тс╕╣д╣ЦуСн╙ё╨©Мx╦ъ=8x15   --*/
 141          /*--  ╦ъ╤х╡╩йг8╣д╠╤йЩё╛ож╣ВуШн╙ё╨©М╤хx╦ъ╤х=8x16  --*/
 142          0x00,0x0C,0x10,0x11,0x11,0x12,0x0C,0x00,0x00,0x30,0x08,0x08,0x08,0x88,0x70,0x00,
 143          
 144          /*--  ндвж:  4  --*/
 145          /*--  кнлЕ9;  ╢квжлЕоб╤тс╕╣д╣ЦуСн╙ё╨©Мx╦ъ=8x15   --*/
 146          /*--  ╦ъ╤х╡╩йг8╣д╠╤йЩё╛ож╣ВуШн╙ё╨©М╤хx╦ъ╤х=8x16  --*/
 147          0x00,0x01,0x02,0x04,0x1F,0x00,0x00,0x00,0x00,0xC0,0x40,0x48,0xF8,0x48,0x48,0x00,
 148          
 149          /*--  ндвж:  5  --*/
 150          /*--  кнлЕ9;  ╢квжлЕоб╤тс╕╣д╣ЦуСн╙ё╨©Мx╦ъ=8x15   --*/
 151          /*--  ╦ъ╤х╡╩йг8╣д╠╤йЩё╛ож╣ВуШн╙ё╨©М╤хx╦ъ╤х=8x16  --*/
 152          0x00,0x1F,0x11,0x12,0x12,0x12,0x11,0x00,0x00,0x30,0x08,0x08,0x08,0x08,0xF0,0x00,
 153          
 154          /*--  ндвж:  6  --*/
 155          /*--  кнлЕ9;  ╢квжлЕоб╤тс╕╣д╣ЦуСн╙ё╨©Мx╦ъ=8x15   --*/
 156          /*--  ╦ъ╤х╡╩йг8╣д╠╤йЩё╛ож╣ВуШн╙ё╨©М╤хx╦ъ╤х=8x16  --*/
 157          0x00,0x07,0x08,0x11,0x11,0x19,0x00,0x00,0x00,0xF0,0x88,0x08,0x08,0x08,0xF0,0x00,
 158          
 159          /*--  ндвж:  7  --*/
 160          /*--  кнлЕ9;  ╢квжлЕоб╤тс╕╣д╣ЦуСн╙ё╨©Мx╦ъ=8x15   --*/
 161          /*--  ╦ъ╤х╡╩йг8╣д╠╤йЩё╛ож╣ВуШн╙ё╨©М╤хx╦ъ╤х=8x16  --*/
 162          0x00,0x1C,0x10,0x10,0x13,0x1C,0x10,0x00,0x00,0x00,0x00,0xF8,0x00,0x00,0x00,0x00,
 163          
 164          /*--  ндвж:  8  --*/
 165          /*--  кнлЕ9;  ╢квжлЕоб╤тс╕╣д╣ЦуСн╙ё╨©Мx╦ъ=8x15   --*/
 166          /*--  ╦ъ╤х╡╩йг8╣д╠╤йЩё╛ож╣ВуШн╙ё╨©М╤хx╦ъ╤х=8x16  --*/
 167          0x00,0x0E,0x11,0x11,0x11,0x11,0x0E,0x00,0x00,0x70,0x88,0x08,0x08,0x88,0x70,0x00,
 168          
 169          /*--  ндвж:  9  --*/
 170          /*--  кнлЕ9;  ╢квжлЕоб╤тс╕╣д╣ЦуСн╙ё╨©Мx╦ъ=8x15   --*/
 171          /*--  ╦ъ╤х╡╩йг8╣д╠╤йЩё╛ож╣ВуШн╙ё╨©М╤хx╦ъ╤х=8x16  --*/
 172          0x00,0x0F,0x10,0x10,0x10,0x09,0x07,0x00,0x00,0x00,0x98,0x88,0x88,0x10,0xE0,0x00,
 173          
 174          /*--  ндвж:  :  --*/
 175          /*--  кнлЕ9;  ╢квжлЕоб╤тс╕╣д╣ЦуСн╙ё╨©Мx╦ъ=8x15   --*/
 176          /*--  ╦ъ╤х╡╩йг8╣д╠╤йЩё╛ож╣ВуШн╙ё╨©М╤хx╦ъ╤х=8x16  --*/
 177          0x00,0x00,0x00,0x03,0x03,0x00,0x00,0x00,0x00,0x00,0x00,0x18,0x18,0x00,0x00,0x00,
 178          
 179          /*--  ндвж:  ;  --*/
C51 COMPILER V9.00   LCD                                                                   03/11/2019 16:56:44 PAGE 4   

 180          /*--  кнлЕ9;  ╢квжлЕоб╤тс╕╣д╣ЦуСн╙ё╨©Мx╦ъ=8x15   --*/
 181          /*--  ╦ъ╤х╡╩йг8╣д╠╤йЩё╛ож╣ВуШн╙ё╨©М╤хx╦ъ╤х=8x16  --*/
 182          0x00,0x00,0x00,0x02,0x00,0x00,0x00,0x00,0x00,0x00,0x02,0x0C,0x00,0x00,0x00,0x00,
 183          
 184          /*--  ндвж:  <  --*/
 185          /*--  кнлЕ9;  ╢квжлЕоб╤тс╕╣д╣ЦуСн╙ё╨©Мx╦ъ=8x15   --*/
 186          /*--  ╦ъ╤х╡╩йг8╣д╠╤йЩё╛ож╣ВуШн╙ё╨©М╤хx╦ъ╤х=8x16  --*/
 187          0x00,0x01,0x02,0x04,0x08,0x10,0x20,0x00,0x00,0x00,0x80,0x40,0x20,0x10,0x08,0x00,
 188          
 189          /*--  ндвж:  =  --*/
 190          /*--  кнлЕ9;  ╢квжлЕоб╤тс╕╣д╣ЦуСн╙ё╨©Мx╦ъ=8x15   --*/
 191          /*--  ╦ъ╤х╡╩йг8╣д╠╤йЩё╛ож╣ВуШн╙ё╨©М╤хx╦ъ╤х=8x16  --*/
 192          0x02,0x02,0x02,0x02,0x02,0x02,0x02,0x00,0x40,0x40,0x40,0x40,0x40,0x40,0x40,0x00,
 193          
 194          /*--  ндвж:  >  --*/
 195          /*--  кнлЕ9;  ╢квжлЕоб╤тс╕╣д╣ЦуСн╙ё╨©Мx╦ъ=8x15   --*/
 196          /*--  ╦ъ╤х╡╩йг8╣д╠╤йЩё╛ож╣ВуШн╙ё╨©М╤хx╦ъ╤х=8x16  --*/
 197          0x00,0x20,0x10,0x08,0x04,0x02,0x01,0x00,0x00,0x08,0x10,0x20,0x40,0x80,0x00,0x00,
 198          
 199          /*--  ндвж:  ?  --*/
 200          /*--  кнлЕ9;  ╢квжлЕоб╤тс╕╣д╣ЦуСн╙ё╨©Мx╦ъ=8x15   --*/
 201          /*--  ╦ъ╤х╡╩йг8╣д╠╤йЩё╛ож╣ВуШн╙ё╨©М╤хx╦ъ╤х=8x16  --*/
 202          0x00,0x1C,0x20,0x20,0x20,0x21,0x1E,0x00,0x00,0x00,0x00,0x18,0xD8,0x00,0x00,0x00,
 203          
 204          /*--  ндвж:  @  --*/
 205          /*--  кнлЕ9;  ╢квжлЕоб╤тс╕╣д╣ЦуСн╙ё╨©Мx╦ъ=8x15   --*/
 206          /*--  ╦ъ╤х╡╩йг8╣д╠╤йЩё╛ож╣ВуШн╙ё╨©М╤хx╦ъ╤х=8x16  --*/
 207          0x07,0x08,0x13,0x14,0x17,0x08,0x07,0x00,0xE0,0x10,0xE8,0x28,0xC8,0x28,0xD0,0x00,
 208          
 209          /*--  ндвж:  A  --*/
 210          /*--  кнлЕ9;  ╢квжлЕоб╤тс╕╣д╣ЦуСн╙ё╨©Мx╦ъ=8x15   --*/
 211          /*--  ╦ъ╤х╡╩йг8╣д╠╤йЩё╛ож╣ВуШн╙ё╨©М╤хx╦ъ╤х=8x16  --*/
 212          0x00,0x00,0x07,0x18,0x07,0x00,0x00,0x00,0x08,0x78,0xC8,0x40,0xC8,0x78,0x08,0x00,
 213          
 214          /*--  ндвж:  B  --*/
 215          /*--  кнлЕ9;  ╢квжлЕоб╤тс╕╣д╣ЦуСн╙ё╨©Мx╦ъ=8x15   --*/
 216          /*--  ╦ъ╤х╡╩йг8╣д╠╤йЩё╛ож╣ВуШн╙ё╨©М╤хx╦ъ╤х=8x16  --*/
 217          0x10,0x1F,0x11,0x11,0x11,0x12,0x0C,0x00,0x08,0xF8,0x08,0x08,0x08,0x88,0x70,0x00,
 218          
 219          /*--  ндвж:  C  --*/
 220          /*--  кнлЕ9;  ╢квжлЕоб╤тс╕╣д╣ЦуСн╙ё╨©Мx╦ъ=8x15   --*/
 221          /*--  ╦ъ╤х╡╩йг8╣д╠╤йЩё╛ож╣ВуШн╙ё╨©М╤хx╦ъ╤х=8x16  --*/
 222          0x07,0x08,0x10,0x10,0x10,0x10,0x1C,0x00,0xE0,0x10,0x08,0x08,0x08,0x10,0x20,0x00,
 223          
 224          /*--  ндвж:  D  --*/
 225          /*--  кнлЕ9;  ╢квжлЕоб╤тс╕╣д╣ЦуСн╙ё╨©Мx╦ъ=8x15   --*/
 226          /*--  ╦ъ╤х╡╩йг8╣д╠╤йЩё╛ож╣ВуШн╙ё╨©М╤хx╦ъ╤х=8x16  --*/
 227          0x10,0x1F,0x10,0x10,0x10,0x08,0x07,0x00,0x08,0xF8,0x08,0x08,0x08,0x10,0xE0,0x00,
 228          
 229          /*--  ндвж:  E  --*/
 230          /*--  кнлЕ9;  ╢квжлЕоб╤тс╕╣д╣ЦуСн╙ё╨©Мx╦ъ=8x15   --*/
 231          /*--  ╦ъ╤х╡╩йг8╣д╠╤йЩё╛ож╣ВуШн╙ё╨©М╤хx╦ъ╤х=8x16  --*/
 232          0x10,0x1F,0x11,0x11,0x17,0x10,0x08,0x00,0x08,0xF8,0x08,0x08,0xC8,0x08,0x10,0x00,
 233          
 234          /*--  ндвж:  F  --*/
 235          /*--  кнлЕ9;  ╢квжлЕоб╤тс╕╣д╣ЦуСн╙ё╨©Мx╦ъ=8x15   --*/
 236          /*--  ╦ъ╤х╡╩йг8╣д╠╤йЩё╛ож╣ВуШн╙ё╨©М╤хx╦ъ╤х=8x16  --*/
 237          0x10,0x1F,0x11,0x11,0x17,0x10,0x08,0x00,0x08,0xF8,0x08,0x00,0xC0,0x00,0x00,0x00,
 238          
 239          /*--  ндвж:  G  --*/
 240          /*--  кнлЕ9;  ╢квжлЕоб╤тс╕╣д╣ЦуСн╙ё╨©Мx╦ъ=8x15   --*/
 241          /*--  ╦ъ╤х╡╩йг8╣д╠╤йЩё╛ож╣ВуШн╙ё╨©М╤хx╦ъ╤х=8x16  --*/
C51 COMPILER V9.00   LCD                                                                   03/11/2019 16:56:44 PAGE 5   

 242          0x07,0x08,0x10,0x10,0x10,0x1C,0x00,0x00,0xE0,0x10,0x08,0x08,0x48,0x70,0x40,0x00,
 243          
 244          /*--  ндвж:  H  --*/
 245          /*--  кнлЕ9;  ╢квжлЕоб╤тс╕╣д╣ЦуСн╙ё╨©Мx╦ъ=8x15   --*/
 246          /*--  ╦ъ╤х╡╩йг8╣д╠╤йЩё╛ож╣ВуШн╙ё╨©М╤хx╦ъ╤х=8x16  --*/
 247          0x10,0x1F,0x11,0x01,0x11,0x1F,0x10,0x00,0x08,0xF8,0x08,0x00,0x08,0xF8,0x08,0x00,
 248          
 249          /*--  ндвж:  I  --*/
 250          /*--  кнлЕ9;  ╢квжлЕоб╤тс╕╣д╣ЦуСн╙ё╨©Мx╦ъ=8x15   --*/
 251          /*--  ╦ъ╤х╡╩йг8╣д╠╤йЩё╛ож╣ВуШн╙ё╨©М╤хx╦ъ╤х=8x16  --*/
 252          0x00,0x10,0x10,0x1F,0x10,0x10,0x00,0x00,0x00,0x08,0x08,0xF8,0x08,0x08,0x00,0x00,
 253          
 254          /*--  ндвж:  J  --*/
 255          /*--  кнлЕ9;  ╢квжлЕоб╤тс╕╣д╣ЦуСн╙ё╨©Мx╦ъ=8x15   --*/
 256          /*--  ╦ъ╤х╡╩йг8╣д╠╤йЩё╛ож╣ВуШн╙ё╨©М╤хx╦ъ╤х=8x16  --*/
 257          0x00,0x00,0x10,0x10,0x1F,0x10,0x10,0x00,0x06,0x02,0x02,0x02,0xFC,0x00,0x00,0x00,
 258          
 259          /*--  ндвж:  K  --*/
 260          /*--  кнлЕ9;  ╢квжлЕоб╤тс╕╣д╣ЦуСн╙ё╨©Мx╦ъ=8x15   --*/
 261          /*--  ╦ъ╤х╡╩йг8╣д╠╤йЩё╛ож╣ВуШн╙ё╨©М╤хx╦ъ╤х=8x16  --*/
 262          0x10,0x1F,0x11,0x03,0x14,0x18,0x10,0x00,0x08,0xF8,0x08,0x80,0x68,0x18,0x08,0x00,
 263          
 264          /*--  ндвж:  L  --*/
 265          /*--  кнлЕ9;  ╢квжлЕоб╤тс╕╣д╣ЦуСн╙ё╨©Мx╦ъ=8x15   --*/
 266          /*--  ╦ъ╤х╡╩йг8╣д╠╤йЩё╛ож╣ВуШн╙ё╨©М╤хx╦ъ╤х=8x16  --*/
 267          0x10,0x1F,0x10,0x00,0x00,0x00,0x00,0x00,0x08,0xF8,0x08,0x08,0x08,0x08,0x18,0x00,
 268          
 269          /*--  ндвж:  M  --*/
 270          /*--  кнлЕ9;  ╢квжлЕоб╤тс╕╣д╣ЦуСн╙ё╨©Мx╦ъ=8x15   --*/
 271          /*--  ╦ъ╤х╡╩йг8╣д╠╤йЩё╛ож╣ВуШн╙ё╨©М╤хx╦ъ╤х=8x16  --*/
 272          0x10,0x1F,0x1E,0x01,0x1E,0x1F,0x10,0x00,0x08,0xF8,0x00,0xF8,0x00,0xF8,0x08,0x00,
 273          
 274          /*--  ндвж:  N  --*/
 275          /*--  кнлЕ9;  ╢квжлЕоб╤тс╕╣д╣ЦуСн╙ё╨©Мx╦ъ=8x15   --*/
 276          /*--  ╦ъ╤х╡╩йг8╣д╠╤йЩё╛ож╣ВуШн╙ё╨©М╤хx╦ъ╤х=8x16  --*/
 277          0x10,0x1F,0x1C,0x03,0x10,0x1F,0x10,0x00,0x08,0xF8,0x08,0x80,0x70,0xF8,0x00,0x00,
 278          
 279          /*--  ндвж:  O  --*/
 280          /*--  кнлЕ9;  ╢квжлЕоб╤тс╕╣д╣ЦуСн╙ё╨©Мx╦ъ=8x15   --*/
 281          /*--  ╦ъ╤х╡╩йг8╣д╠╤йЩё╛ож╣ВуШн╙ё╨©М╤хx╦ъ╤х=8x16  --*/
 282          0x07,0x08,0x10,0x10,0x10,0x08,0x07,0x00,0xE0,0x10,0x08,0x08,0x08,0x10,0xE0,0x00,
 283          
 284          /*--  ндвж:  P  --*/
 285          /*--  кнлЕ9;  ╢квжлЕоб╤тс╕╣д╣ЦуСн╙ё╨©Мx╦ъ=8x15   --*/
 286          /*--  ╦ъ╤х╡╩йг8╣д╠╤йЩё╛ож╣ВуШн╙ё╨©М╤хx╦ъ╤х=8x16  --*/
 287          0x10,0x1F,0x11,0x11,0x11,0x11,0x0E,0x00,0x08,0xF8,0x08,0x00,0x00,0x00,0x00,0x00,
 288          
 289          /*--  ндвж:  Q  --*/
 290          /*--  кнлЕ9;  ╢квжлЕоб╤тс╕╣д╣ЦуСн╙ё╨©Мx╦ъ=8x15   --*/
 291          /*--  ╦ъ╤х╡╩йг8╣д╠╤йЩё╛ож╣ВуШн╙ё╨©М╤хx╦ъ╤х=8x16  --*/
 292          0x07,0x08,0x10,0x10,0x10,0x08,0x07,0x00,0xE0,0x10,0x28,0x28,0x18,0x14,0xE4,0x00,
 293          
 294          /*--  ндвж:  R  --*/
 295          /*--  кнлЕ9;  ╢квжлЕоб╤тс╕╣д╣ЦуСн╙ё╨©Мx╦ъ=8x15   --*/
 296          /*--  ╦ъ╤х╡╩йг8╣д╠╤йЩё╛ож╣ВуШн╙ё╨©М╤хx╦ъ╤х=8x16  --*/
 297          0x10,0x1F,0x11,0x11,0x11,0x0E,0x00,0x00,0x08,0xF8,0x08,0x80,0x60,0x18,0x08,0x00,
 298          
 299          /*--  ндвж:  S  --*/
 300          /*--  кнлЕ9;  ╢квжлЕоб╤тс╕╣д╣ЦуСн╙ё╨©Мx╦ъ=8x15   --*/
 301          /*--  ╦ъ╤х╡╩йг8╣д╠╤йЩё╛ож╣ВуШн╙ё╨©М╤хx╦ъ╤х=8x16  --*/
 302          0x00,0x0E,0x11,0x11,0x10,0x10,0x1C,0x00,0x00,0x38,0x08,0x08,0x88,0x88,0x70,0x00,
 303          
C51 COMPILER V9.00   LCD                                                                   03/11/2019 16:56:44 PAGE 6   

 304          /*--  ндвж:  T  --*/
 305          /*--  кнлЕ9;  ╢квжлЕоб╤тс╕╣д╣ЦуСн╙ё╨©Мx╦ъ=8x15   --*/
 306          /*--  ╦ъ╤х╡╩йг8╣д╠╤йЩё╛ож╣ВуШн╙ё╨©М╤хx╦ъ╤х=8x16  --*/
 307          0x18,0x10,0x10,0x1F,0x10,0x10,0x18,0x00,0x00,0x00,0x08,0xF8,0x08,0x00,0x00,0x00,
 308          
 309          /*--  ндвж:  U  --*/
 310          /*--  кнлЕ9;  ╢квжлЕоб╤тс╕╣д╣ЦуСн╙ё╨©Мx╦ъ=8x15   --*/
 311          /*--  ╦ъ╤х╡╩йг8╣д╠╤йЩё╛ож╣ВуШн╙ё╨©М╤хx╦ъ╤х=8x16  --*/
 312          0x10,0x1F,0x10,0x00,0x10,0x1F,0x10,0x00,0x00,0xF0,0x08,0x08,0x08,0xF0,0x00,0x00,
 313          
 314          /*--  ндвж:  V  --*/
 315          /*--  кнлЕ9;  ╢квжлЕоб╤тс╕╣д╣ЦуСн╙ё╨©Мx╦ъ=8x15   --*/
 316          /*--  ╦ъ╤х╡╩йг8╣д╠╤йЩё╛ож╣ВуШн╙ё╨©М╤хx╦ъ╤х=8x16  --*/
 317          0x10,0x1E,0x11,0x00,0x11,0x1E,0x10,0x00,0x00,0x00,0xE0,0x18,0xE0,0x00,0x00,0x00,
 318          
 319          /*--  ндвж:  W  --*/
 320          /*--  кнлЕ9;  ╢квжлЕоб╤тс╕╣д╣ЦуСн╙ё╨©Мx╦ъ=8x15   --*/
 321          /*--  ╦ъ╤х╡╩йг8╣д╠╤йЩё╛ож╣ВуШн╙ё╨©М╤хx╦ъ╤х=8x16  --*/
 322          0x10,0x1F,0x00,0x1F,0x00,0x1F,0x10,0x00,0x00,0x80,0xF8,0x00,0xF8,0x80,0x00,0x00,
 323          
 324          /*--  ндвж:  X  --*/
 325          /*--  кнлЕ9;  ╢квжлЕоб╤тс╕╣д╣ЦуСн╙ё╨©Мx╦ъ=8x15   --*/
 326          /*--  ╦ъ╤х╡╩йг8╣д╠╤йЩё╛ож╣ВуШн╙ё╨©М╤хx╦ъ╤х=8x16  --*/
 327          0x10,0x18,0x16,0x01,0x16,0x18,0x10,0x00,0x08,0x18,0x68,0x80,0x68,0x18,0x08,0x00,
 328          
 329          /*--  ндвж:  Y  --*/
 330          /*--  кнлЕ9;  ╢квжлЕоб╤тс╕╣д╣ЦуСн╙ё╨©Мx╦ъ=8x15   --*/
 331          /*--  ╦ъ╤х╡╩йг8╣д╠╤йЩё╛ож╣ВуШн╙ё╨©М╤хx╦ъ╤х=8x16  --*/
 332          0x10,0x1C,0x13,0x00,0x13,0x1C,0x10,0x00,0x00,0x00,0x08,0xF8,0x08,0x00,0x00,0x00,
 333          
 334          /*--  ндвж:  Z  --*/
 335          /*--  кнлЕ9;  ╢квжлЕоб╤тс╕╣д╣ЦуСн╙ё╨©Мx╦ъ=8x15   --*/
 336          /*--  ╦ъ╤х╡╩йг8╣д╠╤йЩё╛ож╣ВуШн╙ё╨©М╤хx╦ъ╤х=8x16  --*/
 337          0x00,0x08,0x10,0x10,0x13,0x1C,0x10,0x00,0x00,0x08,0x38,0xC8,0x08,0x08,0x18,0x00,
 338          
 339          /*--  ндвж:  [  --*/
 340          /*--  кнлЕ9;  ╢квжлЕоб╤тс╕╣д╣ЦуСн╙ё╨©Мx╦ъ=8x15   --*/
 341          /*--  ╦ъ╤х╡╩йг8╣д╠╤йЩё╛ож╣ВуШн╙ё╨©М╤хx╦ъ╤х=8x16  --*/
 342          0x00,0x00,0x00,0x7F,0x40,0x40,0x40,0x00,0x00,0x00,0x00,0xFC,0x04,0x04,0x04,0x00,
 343          
 344          /*--  ндвж:  \  --*/
 345          /*--  кнлЕ9;  ╢квжлЕоб╤тс╕╣д╣ЦуСн╙ё╨©Мx╦ъ=8x15   --*/
 346          /*--  ╦ъ╤х╡╩йг8╣д╠╤йЩё╛ож╣ВуШн╙ё╨©М╤хx╦ъ╤х=8x16  --*/
 347          0x00,0x30,0x0C,0x03,0x00,0x00,0x00,0x00,0x00,0x00,0x00,0x80,0x60,0x1C,0x02,0x00,
 348          
 349          /*--  ндвж:  ]  --*/
 350          /*--  кнлЕ9;  ╢квжлЕоб╤тс╕╣д╣ЦуСн╙ё╨©Мx╦ъ=8x15   --*/
 351          /*--  ╦ъ╤х╡╩йг8╣д╠╤йЩё╛ож╣ВуШн╙ё╨©М╤хx╦ъ╤х=8x16  --*/
 352          0x00,0x40,0x40,0x40,0x7F,0x00,0x00,0x00,0x00,0x04,0x04,0x04,0xFC,0x00,0x00,0x00,
 353          
 354          /*--  ндвж:  ^  --*/
 355          /*--  кнлЕ9;  ╢квжлЕоб╤тс╕╣д╣ЦуСн╙ё╨©Мx╦ъ=8x15   --*/
 356          /*--  ╦ъ╤х╡╩йг8╣д╠╤йЩё╛ож╣ВуШн╙ё╨©М╤хx╦ъ╤х=8x16  --*/
 357          0x00,0x00,0x20,0x40,0x40,0x20,0x00,0x00,0x00,0x00,0x00,0x00,0x00,0x00,0x00,0x00,
 358          
 359          /*--  ндвж:  _  --*/
 360          /*--  кнлЕ9;  ╢квжлЕоб╤тс╕╣д╣ЦуСн╙ё╨©Мx╦ъ=8x15   --*/
 361          /*--  ╦ъ╤х╡╩йг8╣д╠╤йЩё╛ож╣ВуШн╙ё╨©М╤хx╦ъ╤х=8x16  --*/
 362          0x00,0x00,0x00,0x00,0x00,0x00,0x00,0x00,0x02,0x02,0x02,0x02,0x02,0x02,0x02,0x00,
 363          
 364          /*--  ндвж:  `  --*/
 365          /*--  кнлЕ9;  ╢квжлЕоб╤тс╕╣д╣ЦуСн╙ё╨©Мx╦ъ=8x15   --*/
C51 COMPILER V9.00   LCD                                                                   03/11/2019 16:56:44 PAGE 7   

 366          /*--  ╦ъ╤х╡╩йг8╣д╠╤йЩё╛ож╣ВуШн╙ё╨©М╤хx╦ъ╤х=8x16  --*/
 367          0x00,0x40,0x40,0x20,0x00,0x00,0x00,0x00,0x00,0x00,0x00,0x00,0x00,0x00,0x00,0x00,
 368          
 369          /*--  ндвж:  a  --*/
 370          /*--  кнлЕ9;  ╢квжлЕоб╤тс╕╣д╣ЦуСн╙ё╨©Мx╦ъ=8x15   --*/
 371          /*--  ╦ъ╤х╡╩йг8╣д╠╤йЩё╛ож╣ВуШн╙ё╨©М╤хx╦ъ╤х=8x16  --*/
 372          0x00,0x01,0x02,0x02,0x02,0x01,0x00,0x00,0x00,0x30,0x48,0x88,0x88,0xF8,0x08,0x00,
 373          
 374          /*--  ндвж:  b  --*/
 375          /*--  кнлЕ9;  ╢квжлЕоб╤тс╕╣д╣ЦуСн╙ё╨©Мx╦ъ=8x15   --*/
 376          /*--  ╦ъ╤х╡╩йг8╣д╠╤йЩё╛ож╣ВуШн╙ё╨©М╤хx╦ъ╤х=8x16  --*/
 377          0x10,0x1F,0x01,0x02,0x02,0x02,0x01,0x00,0x00,0xF8,0x08,0x08,0x08,0x08,0xF0,0x00,
 378          
 379          /*--  ндвж:  c  --*/
 380          /*--  кнлЕ9;  ╢квжлЕоб╤тс╕╣д╣ЦуСн╙ё╨©Мx╦ъ=8x15   --*/
 381          /*--  ╦ъ╤х╡╩йг8╣д╠╤йЩё╛ож╣ВуШн╙ё╨©М╤хx╦ъ╤х=8x16  --*/
 382          0x00,0x00,0x01,0x02,0x02,0x02,0x01,0x00,0x00,0xE0,0x10,0x08,0x08,0x08,0x10,0x00,
 383          
 384          /*--  ндвж:  d  --*/
 385          /*--  кнлЕ9;  ╢квжлЕоб╤тс╕╣д╣ЦуСн╙ё╨©Мx╦ъ=8x15   --*/
 386          /*--  ╦ъ╤х╡╩йг8╣д╠╤йЩё╛ож╣ВуШн╙ё╨©М╤хx╦ъ╤х=8x16  --*/
 387          0x00,0x01,0x02,0x02,0x02,0x12,0x1F,0x00,0x00,0xF0,0x08,0x08,0x08,0x10,0xF8,0x08,
 388          
 389          /*--  ндвж:  e  --*/
 390          /*--  кнлЕ9;  ╢квжлЕоб╤тс╕╣д╣ЦуСн╙ё╨©Мx╦ъ=8x15   --*/
 391          /*--  ╦ъ╤х╡╩йг8╣д╠╤йЩё╛ож╣ВуШн╙ё╨©М╤хx╦ъ╤х=8x16  --*/
 392          0x00,0x01,0x02,0x02,0x02,0x02,0x01,0x00,0x00,0xF0,0x88,0x88,0x88,0x88,0x90,0x00,
 393          
 394          /*--  ндвж:  f  --*/
 395          /*--  кнлЕ9;  ╢квжлЕоб╤тс╕╣д╣ЦуСн╙ё╨©Мx╦ъ=8x15   --*/
 396          /*--  ╦ъ╤х╡╩йг8╣д╠╤йЩё╛ож╣ВуШн╙ё╨©М╤хx╦ъ╤х=8x16  --*/
 397          0x00,0x02,0x02,0x0F,0x12,0x12,0x18,0x00,0x00,0x08,0x08,0xF8,0x08,0x08,0x00,0x00,
 398          
 399          /*--  ндвж:  g  --*/
 400          /*--  кнлЕ9;  ╢квжлЕоб╤тс╕╣д╣ЦуСн╙ё╨©Мx╦ъ=8x15   --*/
 401          /*--  ╦ъ╤х╡╩йг8╣д╠╤йЩё╛ож╣ВуШн╙ё╨©М╤хx╦ъ╤х=8x16  --*/
 402          0x00,0x01,0x02,0x02,0x02,0x03,0x02,0x00,0x00,0xAC,0x52,0x52,0x52,0x92,0x0C,0x00,
 403          
 404          /*--  ндвж:  h  --*/
 405          /*--  кнлЕ9;  ╢квжлЕоб╤тс╕╣д╣ЦуСн╙ё╨©Мx╦ъ=8x15   --*/
 406          /*--  ╦ъ╤х╡╩йг8╣д╠╤йЩё╛ож╣ВуШн╙ё╨©М╤хx╦ъ╤х=8x16  --*/
 407          0x10,0x1F,0x01,0x02,0x02,0x02,0x01,0x00,0x08,0xF8,0x08,0x00,0x00,0x08,0xF8,0x08,
 408          
 409          /*--  ндвж:  i  --*/
 410          /*--  кнлЕ9;  ╢квжлЕоб╤тс╕╣д╣ЦуСн╙ё╨©Мx╦ъ=8x15   --*/
 411          /*--  ╦ъ╤х╡╩йг8╣д╠╤йЩё╛ож╣ВуШн╙ё╨©М╤хx╦ъ╤х=8x16  --*/
 412          0x00,0x02,0x1A,0x1B,0x00,0x00,0x00,0x00,0x00,0x08,0x08,0xF8,0x08,0x08,0x00,0x00,
 413          
 414          /*--  ндвж:  j  --*/
 415          /*--  кнлЕ9;  ╢квжлЕоб╤тс╕╣д╣ЦуСн╙ё╨©Мx╦ъ=8x15   --*/
 416          /*--  ╦ъ╤х╡╩йг8╣д╠╤йЩё╛ож╣ВуШн╙ё╨©М╤хx╦ъ╤х=8x16  --*/
 417          0x00,0x00,0x00,0x02,0x1A,0x1B,0x00,0x00,0x00,0x06,0x02,0x02,0x02,0xFC,0x00,0x00,
 418          
 419          /*--  ндвж:  k  --*/
 420          /*--  кнлЕ9;  ╢квжлЕоб╤тс╕╣д╣ЦуСн╙ё╨©Мx╦ъ=8x15   --*/
 421          /*--  ╦ъ╤х╡╩йг8╣д╠╤йЩё╛ож╣ВуШн╙ё╨©М╤хx╦ъ╤х=8x16  --*/
 422          0x10,0x1F,0x00,0x00,0x03,0x02,0x02,0x00,0x08,0xF8,0x48,0x80,0x68,0x18,0x08,0x00,
 423          
 424          /*--  ндвж:  l  --*/
 425          /*--  кнлЕ9;  ╢квжлЕоб╤тс╕╣д╣ЦуСн╙ё╨©Мx╦ъ=8x15   --*/
 426          /*--  ╦ъ╤х╡╩йг8╣д╠╤йЩё╛ож╣ВуШн╙ё╨©М╤хx╦ъ╤х=8x16  --*/
 427          0x00,0x10,0x10,0x1F,0x00,0x00,0x00,0x00,0x00,0x08,0x08,0xF8,0x08,0x08,0x00,0x00,
C51 COMPILER V9.00   LCD                                                                   03/11/2019 16:56:44 PAGE 8   

 428          
 429          /*--  ндвж:  m  --*/
 430          /*--  кнлЕ9;  ╢квжлЕоб╤тс╕╣д╣ЦуСн╙ё╨©Мx╦ъ=8x15   --*/
 431          /*--  ╦ъ╤х╡╩йг8╣д╠╤йЩё╛ож╣ВуШн╙ё╨©М╤хx╦ъ╤х=8x16  --*/
 432          0x02,0x03,0x02,0x03,0x02,0x01,0x00,0x00,0x08,0xF8,0x00,0xF8,0x00,0xF8,0x08,0x00,
 433          
 434          /*--  ндвж:  n  --*/
 435          /*--  кнлЕ9;  ╢квжлЕоб╤тс╕╣д╣ЦуСн╙ё╨©Мx╦ъ=8x15   --*/
 436          /*--  ╦ъ╤х╡╩йг8╣д╠╤йЩё╛ож╣ВуШн╙ё╨©М╤хx╦ъ╤х=8x16  --*/
 437          0x02,0x03,0x01,0x02,0x02,0x02,0x01,0x00,0x08,0xF8,0x08,0x00,0x00,0x08,0xF8,0x08,
 438          
 439          /*--  ндвж:  o  --*/
 440          /*--  кнлЕ9;  ╢квжлЕоб╤тс╕╣д╣ЦуСн╙ё╨©Мx╦ъ=8x15   --*/
 441          /*--  ╦ъ╤х╡╩йг8╣д╠╤йЩё╛ож╣ВуШн╙ё╨©М╤хx╦ъ╤х=8x16  --*/
 442          0x00,0x00,0x01,0x02,0x02,0x01,0x00,0x00,0x00,0xE0,0x10,0x08,0x08,0x10,0xE0,0x00,
 443          
 444          /*--  ндвж:  p  --*/
 445          /*--  кнлЕ9;  ╢квжлЕоб╤тс╕╣д╣ЦуСн╙ё╨©Мx╦ъ=8x15   --*/
 446          /*--  ╦ъ╤х╡╩йг8╣д╠╤йЩё╛ож╣ВуШн╙ё╨©М╤хx╦ъ╤х=8x16  --*/
 447          0x02,0x03,0x01,0x02,0x02,0x02,0x01,0x00,0x02,0xFE,0x0A,0x08,0x08,0x08,0xF0,0x00,
 448          
 449          /*--  ндвж:  q  --*/
 450          /*--  кнлЕ9;  ╢квжлЕоб╤тс╕╣д╣ЦуСн╙ё╨©Мx╦ъ=8x15   --*/
 451          /*--  ╦ъ╤х╡╩йг8╣д╠╤йЩё╛ож╣ВуШн╙ё╨©М╤хx╦ъ╤х=8x16  --*/
 452          0x00,0x01,0x02,0x02,0x02,0x02,0x03,0x00,0x00,0xF0,0x08,0x08,0x08,0x12,0xFE,0x02,
 453          
 454          /*--  ндвж:  r  --*/
 455          /*--  кнлЕ9;  ╢квжлЕоб╤тс╕╣д╣ЦуСн╙ё╨©Мx╦ъ=8x15   --*/
 456          /*--  ╦ъ╤х╡╩йг8╣д╠╤йЩё╛ож╣ВуШн╙ё╨©М╤хx╦ъ╤х=8x16  --*/
 457          0x02,0x02,0x03,0x01,0x02,0x02,0x03,0x00,0x08,0x08,0xF8,0x08,0x08,0x00,0x00,0x00,
 458          
 459          /*--  ндвж:  s  --*/
 460          /*--  кнлЕ9;  ╢квжлЕоб╤тс╕╣д╣ЦуСн╙ё╨©Мx╦ъ=8x15   --*/
 461          /*--  ╦ъ╤х╡╩йг8╣д╠╤йЩё╛ож╣ВуШн╙ё╨©М╤хx╦ъ╤х=8x16  --*/
 462          0x00,0x01,0x02,0x02,0x02,0x03,0x00,0x00,0x00,0x98,0x48,0x48,0x48,0x30,0x00,0x00,
 463          
 464          /*--  ндвж:  t  --*/
 465          /*--  кнлЕ9;  ╢квжлЕоб╤тс╕╣д╣ЦуСн╙ё╨©Мx╦ъ=8x15   --*/
 466          /*--  ╦ъ╤х╡╩йг8╣д╠╤йЩё╛ож╣ВуШн╙ё╨©М╤хx╦ъ╤х=8x16  --*/
 467          0x00,0x02,0x02,0x0F,0x02,0x02,0x00,0x00,0x00,0x00,0x00,0xF0,0x08,0x08,0x00,0x00,
 468          
 469          /*--  ндвж:  u  --*/
 470          /*--  кнлЕ9;  ╢квжлЕоб╤тс╕╣д╣ЦуСн╙ё╨©Мx╦ъ=8x15   --*/
 471          /*--  ╦ъ╤х╡╩йг8╣д╠╤йЩё╛ож╣ВуШн╙ё╨©М╤хx╦ъ╤х=8x16  --*/
 472          0x02,0x03,0x00,0x00,0x00,0x02,0x03,0x00,0x00,0xF0,0x08,0x08,0x08,0x10,0xF8,0x08,
 473          
 474          /*--  ндвж:  v  --*/
 475          /*--  кнлЕ9;  ╢квжлЕоб╤тс╕╣д╣ЦуСн╙ё╨©Мx╦ъ=8x15   --*/
 476          /*--  ╦ъ╤х╡╩йг8╣д╠╤йЩё╛ож╣ВуШн╙ё╨©М╤хx╦ъ╤х=8x16  --*/
 477          0x02,0x03,0x02,0x00,0x00,0x02,0x03,0x02,0x00,0x00,0xE0,0x18,0x20,0xC0,0x00,0x00,
 478          
 479          /*--  ндвж:  w  --*/
 480          /*--  кнлЕ9;  ╢квжлЕоб╤тс╕╣д╣ЦуСн╙ё╨©Мx╦ъ=8x15   --*/
 481          /*--  ╦ъ╤х╡╩йг8╣д╠╤йЩё╛ож╣ВуШн╙ё╨©М╤хx╦ъ╤х=8x16  --*/
 482          0x02,0x03,0x00,0x03,0x00,0x03,0x02,0x00,0x00,0xC0,0x38,0xC0,0x38,0xC0,0x00,0x00,
 483          
 484          /*--  ндвж:  x  --*/
 485          /*--  кнлЕ9;  ╢квжлЕоб╤тс╕╣д╣ЦуСн╙ё╨©Мx╦ъ=8x15   --*/
 486          /*--  ╦ъ╤х╡╩йг8╣д╠╤йЩё╛ож╣ВуШн╙ё╨©М╤хx╦ъ╤х=8x16  --*/
 487          0x00,0x02,0x03,0x00,0x02,0x03,0x02,0x00,0x00,0x08,0x18,0xE8,0xE0,0x18,0x08,0x00,
 488          
 489          /*--  ндвж:  y  --*/
C51 COMPILER V9.00   LCD                                                                   03/11/2019 16:56:44 PAGE 9   

 490          /*--  кнлЕ9;  ╢квжлЕоб╤тс╕╣д╣ЦуСн╙ё╨©Мx╦ъ=8x15   --*/
 491          /*--  ╦ъ╤х╡╩йг8╣д╠╤йЩё╛ож╣ВуШн╙ё╨©М╤хx╦ъ╤х=8x16  --*/
 492          0x02,0x03,0x02,0x00,0x00,0x02,0x03,0x02,0x02,0x02,0xE2,0x1C,0x30,0xC0,0x00,0x00,
 493          
 494          /*--  ндвж:  z  --*/
 495          /*--  кнлЕ9;  ╢квжлЕоб╤тс╕╣д╣ЦуСн╙ё╨©Мx╦ъ=8x15   --*/
 496          /*--  ╦ъ╤х╡╩йг8╣д╠╤йЩё╛ож╣ВуШн╙ё╨©М╤хx╦ъ╤х=8x16  --*/
 497          0x00,0x03,0x02,0x02,0x02,0x03,0x02,0x00,0x00,0x08,0x18,0x68,0x88,0x08,0x18,0x00,
 498          
 499          /*--  ндвж:  {  --*/
 500          /*--  кнлЕ9;  ╢квжлЕоб╤тс╕╣д╣ЦуСн╙ё╨©Мx╦ъ=8x15   --*/
 501          /*--  ╦ъ╤х╡╩йг8╣д╠╤йЩё╛ож╣ВуШн╙ё╨©М╤хx╦ъ╤х=8x16  --*/
 502          0x00,0x00,0x00,0x01,0x7E,0x40,0x00,0x00,0x00,0x00,0x00,0x00,0xFC,0x04,0x00,0x00,
 503          
 504          /*--  ндвж:  |  --*/
 505          /*--  кнлЕ9;  ╢квжлЕоб╤тс╕╣д╣ЦуСн╙ё╨©Мx╦ъ=8x15   --*/
 506          /*--  ╦ъ╤х╡╩йг8╣д╠╤йЩё╛ож╣ВуШн╙ё╨©М╤хx╦ъ╤х=8x16  --*/
 507          0x00,0x00,0x00,0xFF,0x00,0x00,0x00,0x00,0x00,0x00,0x00,0xFE,0x00,0x00,0x00,0x00,
 508          
 509          /*--  ндвж:  }  --*/
 510          /*--  кнлЕ9;  ╢квжлЕоб╤тс╕╣д╣ЦуСн╙ё╨©Мx╦ъ=8x15   --*/
 511          /*--  ╦ъ╤х╡╩йг8╣д╠╤йЩё╛ож╣ВуШн╙ё╨©М╤хx╦ъ╤х=8x16  --*/
 512          0x00,0x00,0x40,0x7E,0x01,0x00,0x00,0x00,0x00,0x00,0x04,0xFC,0x00,0x00,0x00,0x00,
 513          
 514          /*--  ндвж:  ~  --*/
 515          /*--  кнлЕ9;  ╢квжлЕоб╤тс╕╣д╣ЦуСн╙ё╨©Мx╦ъ=8x15   --*/
 516          /*--  ╦ъ╤х╡╩йг8╣д╠╤йЩё╛ож╣ВуШн╙ё╨©М╤хx╦ъ╤х=8x16  --*/
 517          0x00,0x60,0x80,0x80,0x40,0x20,0x20,0xC0,0x00,0x00,0x00,0x00,0x00,0x00,0x00,0x00,
 518          
 519          };
 520          
 521          
 522          void Delayms(unsigned int time)
 523          {
 524   1              int i;
 525   1              while(time--)
 526   1              for(i=0;i<=20;i++);
 527   1      }
 528          
 529          void WrateC(unsigned char com)                          //╥╒кмцЭаН      сиLCDWrite╣х╨╞йЩ╣Всц
 530          
 531          {
 532   1          unsigned char data i,j,k;
 533   1                  ClrLCDRS;  
 534   1                      for(i=0;i<8;i++)
 535   1                  { 
 536   2                               j=com;                          
 537   2                               SDA=com&0x80; 
 538   2                               SCK=0;
 539   2                               for(k = 0;k < 3;k ++);//ясй╠
 540   2                       SCK=1; 
 541   2                               for(k = 0;k < 3;k ++);//ясй╠     
 542   2                               com=j<<1;
 543   2                      }
 544   1                      SetLCDRS;
 545   1      }
 546          
 547          void WrateD(unsigned char dat)                    //╥╒кмйЩ╬щ     сиLCDWrite╣х╨╞йЩ╣Всц
 548          
 549          {
 550   1          unsigned char data i,j,k;
 551   1                  SetLCDRS;  
C51 COMPILER V9.00   LCD                                                                   03/11/2019 16:56:44 PAGE 10  

 552   1                      for(i=0;i<8;i++)
 553   1                  { 
 554   2                               j=dat;
 555   2                               
 556   2                               SDA=dat&0x80;
 557   2                               SCK=0;
 558   2                               for(k = 0;k < 3;k ++);//ясй╠
 559   2                       SCK=1;   
 560   2                               for(k = 0;k < 3;k ++);//ясй╠   
 561   2                               dat=j<<1;
 562   2                      }
 563   1                      ClrLCDRS;
 564   1      }
 565          
 566          void LCDWrite(unsigned char type,unsigned char dat)             //      #define         W_CMD           1               #define         W_DAT           0               оРLCD╢╚кмпео
             -╒ цЭаН/йЩ╬щ        
 567          
 568          { 
 569   1      
 570   1              if(type)
 571   1              {
 572   2                      WrateC(dat);
 573   2              }
 574   1              else
 575   1              {
 576   2                      WrateD(dat);
 577   2              }
 578   1      }
 579          
 580          void newLCDInit()                                                 //LCDЁУй╪╩╞╨╞йЩ,рЩ╫е╡©╥щжцсзо╣мЁЁУй╪╩╞╡©╥щакё╛в╒рБ╢╝ппдёй╫обLCD╣дй╠жсйЩ╨мйЩ╬щоъ╤╪
             -р╙иХжцн╙Pдёй╫ё╗ё©ё╘
 581          {
 582   1      //      P3MDOUT |= BIT(4) + BIT(5); //P3.4 P3.5 LCD IO ©зиХжц
 583   1       //   P74OUT |= BIT0;             //P4.0-P4.4иХжцн╙мфмЛйДЁЖ
 584   1              SetLCDRST;
 585   1              Delayms(10);
 586   1              ClrLCDRST;
 587   1              Delayms(10);
 588   1              SetLCDRST;
 589   1              Delayms(10);
 590   1              LCDWrite(W_CMD,0xE2);   //хМ╪Ч╦╢н╩
 591   1              LCDWrite(W_CMD,0xA3);//Bais set         отй╬ф╚я╧
 592   1              LCDWrite(W_CMD,0xA0);//ADC seg╬╣оЯя║тЯ 0xa0уЩЁёё╛0xA1вСср╬╣оЯ
 593   1              LCDWrite(W_CMD,0xC0);//com output scan directionё╛com╬╣оЯя║тЯ 0xc0уЩЁёё╛0xC8иооб╬╣оЯ
 594   1              LCDWrite(W_CMD,0x26);
 595   1              Delayms(5);
 596   1      
 597   1              
 598   1      
 599   1              LCDWrite(W_CMD,0x2C);//дз╡©╣Гт╢╧эюМё╛
 600   1              Delayms(10);
 601   1              LCDWrite(W_CMD,0x2E);//хЩлУж╦аН╪Д╦Тй╠╪Д2ms
 602   1              Delayms(10);
 603   1              LCDWrite(W_CMD,0x2F);
 604   1              Delayms(10);
 605   1      
 606   1      //      LCDWrite(W_CMD,0x24);//╣Гя╧╣ВуШ╪д╢ФфВ╦ън╩ ╥╤н╖ё╨0x21-0x27 
 607   1              LCDWrite(W_CMD,0x81);//╣Гя╧дёй╫я║тЯ
 608   1              LCDWrite(W_CMD,0x20);//╣Гя╧╣ВуШ╪д╢ФфВ╣мн╩ ╥╤н╖ё╨0x00-0x3f
 609   1              Delayms(10);
 610   1              LCDWrite(W_CMD,0xF8);
 611   1              LCDWrite(W_CMD,0x01);
C51 COMPILER V9.00   LCD                                                                   03/11/2019 16:56:44 PAGE 11  

 612   1          Delayms(5);
 613   1              LCDWrite(W_CMD,0xAF);//отй╬©╙         
 614   1      //      LCDWrite(W_CMD,0x40);//╢сйвпп©╙й╪отй╬
 615   1      }
 616          //
 617          //---------------------------------------------
 618          //LCD_set_XY: иХжцLCDвЬ╠Й╨╞йЩ
 619          //йДхК╡нйЩё╨Xё╨0ё╜127  Yё╨0ё╜7
 620          //╠Юп╢хуфзё╨
 621          //---------------------------------------------
 622          void LCD_setXY(unsigned char X, unsigned char Y)           //иХжцLCDвЬ╠Й╨╞йЩXё╨0ё╜127  Yё╨0ё╜7 ,╣Всц╥╫й╫ё╨LCD_set
             -XY(0,0)   вСио╫гн╙т╜╣Цс╢ё║
 623          {
 624   1              unsigned char gao,di;
 625   1              WrateC(0xB0 | Y); //рЁ
 626   1              gao = X & 0xf0;
 627   1              gao = gao >> 4;
 628   1              di = X & 0x0f;
 629   1              WrateC(0x10 | gao);  //set Column address MSB
 630   1          WrateC(0x00 | di);  //set column address LSB
 631   1      
 632   1      }
 633          
 634          
 635          void LCD_draw_point(unsigned char x,unsigned char y)    // вСио╫гн╙т╜╣Цс╢ё║ Xё╨0ё╜127  Yё╨0ё╜7 н╩жц╩╜╣Ц  р
             -╩╢нр╩ап╟к╦Ж╣Цс╢ё║ 
 636          {
 637   1              LCD_setXY(x,y);
 638   1              LCDWrite(W_DAT,0xff) ;
 639   1      }
 640          
 641          void Clear()                                                              //гЕфа
 642          {
 643   1         unsigned char page,j;
 644   1               for(page=0xB7;page>=0xB0;page--)  
 645   1          {  
 646   2              LCDWrite(W_CMD,page);
 647   2              LCDWrite(W_CMD,0x10);
 648   2              LCDWrite(W_CMD,0x00);  
 649   2           for(j=0;j<128;j++)  
 650   2              {  
 651   3               WrateD(0x00);  
 652   3              }  
 653   2          } 
 654   1      }
 655          
 656          /*
 657          void set_page_add(unsigned char page)             //╩╩рЁ
 658          {  
 659                  LCDWrite(W_CMD,0xB7-page);
 660          }
 661          
 662          void set_column_add(unsigned char column)
 663          {
 664                  unsigned char column_H,column_L;
 665                    column_H=(column>>4)|0x10;      //╣ВуШйЩ╬щ╦Яй╫
 666                    column_L=column&0x0f;           //╣ВуШйЩ╬щ╦Яй╫
 667                            LCDWrite(W_CMD,column_H);
 668                            LCDWrite(W_CMD,column_L);
 669          }
 670          
 671          void s_out_W(unsigned char j)
C51 COMPILER V9.00   LCD                                                                   03/11/2019 16:56:44 PAGE 12  

 672          {  
 673            unsigned char u,k;  
 674            for(u=0;u<8;u++)
 675                 { 
 676                  SDA=j&0x01;
 677                          SCK=0;
 678                          for(k = 0;k < 5;k ++);//ясй╠
 679                      SCK=1;        
 680                          for(k = 0;k < 5;k ++);//ясй╠
 681                  j>>=1;
 682                 }   
 683          }
 684          
 685          void w_dat_W(unsigned char dat)  
 686          {    
 687                  SetLCDRS;    
 688                  s_out_W(dat); 
 689          } 
 690          */
 691          
 692          void DrawPoint(unsigned char x,unsigned char y)         //а╛пЬ╡ывВм╛р╩отй╬вж╫зй╠,╠ёаТт╜й╪йЩ╬щё╛╩╜╣Цё║      LCDвСоб╫
             -гн╙вЬ╠Йт╜╣Ц x:0~127 y :0~63
 693          {
 694   1          unsigned char senddat,yy;
 695   1              static unsigned char DataOld=0,yOld=0,xOld=0;
 696   1              yy=(int)(y/8);
 697   1              if((yy==yOld)&&(x==xOld))
 698   1                 senddat = DataOld | (0x80>>(y%8));
 699   1              else
 700   1                 senddat = 0x80>>(y%8);
 701   1              LCD_setXY(x,abs(yy-7));
 702   1              LCDWrite(W_DAT,senddat);
 703   1              DataOld = senddat;
 704   1              yOld=yy;
 705   1              xOld=x;
 706   1      }
 707          
 708          
 709          /*********************************************************************
 710          *тзфад╩иоотй╬р╩╦Жвж╥Ш
 711          *╡нйЩё╨Cвж╥Ш    row пп:0~3  col ап:0~15
 712          *********************************************************************/
 713          void Drawchar(unsigned char C,unsigned char row,unsigned char col)                //row пп:0~3  col ап:0~15   ц©╦Жвж╥Ш
             -у╪LCD 16*8╦Ж╣Ц         вСио╫гт╜╣Ц
 714          {       
 715   1          unsigned char b,Row,Col;
 716   1          unsigned char k;
 717   1              k=C-0x20;
 718   1              Row=(63-(16*row));
 719   1              Col=8*col;
 720   1      
 721   1              for(b = 0;b<16;b++)
 722   1              {
 723   2                unsigned char F;
 724   2                F=2*b;
 725   2               if(b<8)
 726   2               {
 727   3                if((AsciiFontData[k][b]&0x80)!=0)
 728   3                DrawPoint(Col+b,Row);
 729   3                      
 730   3                
 731   3                if((AsciiFontData[k][b]&0x40)!=0)
C51 COMPILER V9.00   LCD                                                                   03/11/2019 16:56:44 PAGE 13  

 732   3                DrawPoint(Col+b,Row-1);
 733   3                      
 734   3                if((AsciiFontData[k][b]&0x20)!=0)
 735   3                DrawPoint(Col+b,Row-2);
 736   3                      
 737   3                if((AsciiFontData[k][b]&0x10)!=0)
 738   3                DrawPoint(Col+b,Row-3);
 739   3      
 740   3                if((AsciiFontData[k][b]&0x08)!=0)
 741   3                DrawPoint(Col+b,Row-4);
 742   3                      
 743   3                if((AsciiFontData[k][b]&0x04)!=0)
 744   3                DrawPoint(Col+b,Row-5);
 745   3                 
 746   3                if((AsciiFontData[k][b]&0x02)!=0)
 747   3            DrawPoint(Col+b,Row-6);
 748   3                      
 749   3                if((AsciiFontData[k][b]&0x01)!=0)
 750   3                DrawPoint(Col+b,Row-7);
 751   3                }
 752   2                else
 753   2                {
 754   3                 if((AsciiFontData[k][b]&0x80)!=0)
 755   3                DrawPoint(Col+b-8,Row-8);
 756   3                      
 757   3                
 758   3                if((AsciiFontData[k][b]&0x40)!=0)
 759   3                DrawPoint(Col+b-8,Row-9);
 760   3                      
 761   3                if((AsciiFontData[k][b]&0x20)!=0)
 762   3                DrawPoint(Col+b-8,Row-10);
 763   3                      
 764   3                if((AsciiFontData[k][b]&0x10)!=0)
 765   3                DrawPoint(Col+b-8,Row-11);
 766   3      
 767   3                if((AsciiFontData[k][b]&0x08)!=0)
 768   3                DrawPoint(Col+b-8,Row-12);
 769   3                      
 770   3                if((AsciiFontData[k][b]&0x04)!=0)
 771   3                DrawPoint(Col+b-8,Row-13);
 772   3                 
 773   3                if((AsciiFontData[k][b]&0x02)!=0)
 774   3            DrawPoint(Col+b-8,Row-14);
 775   3                      
 776   3                if((AsciiFontData[k][b]&0x01)!=0)
 777   3                DrawPoint(Col+b-8,Row-15);
 778   3                }       
 779   2              
 780   2              }
 781   1      
 782   1      }
 783          
 784          /*********************************************************************
 785          *тзфад╩иоотй╬р╩╢╝вж╥Ш
 786          *╡нйЩё╨C║╬║©вж╥Ш╢╝      row фПй╪пп:0~3  low фПй╪ап:0~15
 787          *********************************************************************/
 788          void DrawcharS(unsigned char *C,unsigned char row,unsigned char col)            //ц©ппвН╤Ю16╦Жвж╥Шё╛╤Юсз16╦Ж╩╩ппё║╧╡
             -4пп                вСио╫гт╜╣Ц
 789          {
 790   1        int flag=0,i=0;
 791   1        unsigned char R,L,TOTAL;
 792   1        TOTAL=(row*16)+col;
C51 COMPILER V9.00   LCD                                                                   03/11/2019 16:56:44 PAGE 14  

 793   1        if(TOTAL>63||row>3||col>15)
 794   1         {flag=1;}
 795   1      
 796   1        while(flag==0)
 797   1        {
 798   2         if(*C!='\0')
 799   2         {
 800   3           R= (TOTAL+i)/16 ;
 801   3               L=     (TOTAL+i)%16;
 802   3               Drawchar(*C,R,L);
 803   3               C++;
 804   3               i++;
 805   3               if((TOTAL+i)>63)
 806   3                {
 807   4                       flag=1;
 808   4                }
 809   3         }
 810   2         else
 811   2         {
 812   3           flag=1;
 813   3         }
 814   2       }
 815   1      
 816   1      }
 817          
 818          void Drawhanzi(unsigned char C,unsigned char row,unsigned char col)               //row пп:0~3  col ап:0~7   ц©╦Ж╨╨вж
             -у╪16*16╦Ж╣Ц         вСио╫гт╜╣Ц
 819          {       
 820   1          unsigned char b,Row,Col;
 821   1          unsigned char k;
 822   1              k=C;
 823   1              Row=(63-(16*row));
 824   1              Col=16*col;
 825   1      
 826   1                      for(b = 0;b<32;b++)
 827   1              {
 828   2               if(b<16)
 829   2               {
 830   3                if((DzkCode[k][b]&0x80)!=0)
 831   3                DrawPoint(Col+b,Row);
 832   3                      
 833   3                
 834   3                if((DzkCode[k][b]&0x40)!=0)
 835   3                DrawPoint(Col+b,Row-1);
 836   3                      
 837   3                if((DzkCode[k][b]&0x20)!=0)
 838   3                DrawPoint(Col+b,Row-2);
 839   3                      
 840   3                if((DzkCode[k][b]&0x10)!=0)
 841   3                DrawPoint(Col+b,Row-3);
 842   3      
 843   3                if((DzkCode[k][b]&0x08)!=0)
 844   3                DrawPoint(Col+b,Row-4);
 845   3                      
 846   3                if((DzkCode[k][b]&0x04)!=0)
 847   3                DrawPoint(Col+b,Row-5);
 848   3                 
 849   3                if((DzkCode[k][b]&0x02)!=0)
 850   3            DrawPoint(Col+b,Row-6);
 851   3                      
 852   3                if((DzkCode[k][b]&0x01)!=0)
 853   3                DrawPoint(Col+b,Row-7);
C51 COMPILER V9.00   LCD                                                                   03/11/2019 16:56:44 PAGE 15  

 854   3                }
 855   2                else
 856   2                {
 857   3                 if((DzkCode[k][b]&0x80)!=0)
 858   3                DrawPoint(Col+b-16,Row-8);
 859   3                      
 860   3                
 861   3                if((DzkCode[k][b]&0x40)!=0)
 862   3                DrawPoint(Col+b-16,Row-9);
 863   3                      
 864   3                if((DzkCode[k][b]&0x20)!=0)
 865   3                DrawPoint(Col+b-16,Row-10);
 866   3                      
 867   3                if((DzkCode[k][b]&0x10)!=0)
 868   3                DrawPoint(Col+b-16,Row-11);
 869   3      
 870   3                if((DzkCode[k][b]&0x08)!=0)
 871   3                DrawPoint(Col+b-16,Row-12);
 872   3                      
 873   3                if((DzkCode[k][b]&0x04)!=0)
 874   3                DrawPoint(Col+b-16,Row-13);
 875   3                 
 876   3                if((DzkCode[k][b]&0x02)!=0)
 877   3            DrawPoint(Col+b-16,Row-14);
 878   3                      
 879   3                if((DzkCode[k][b]&0x01)!=0)
 880   3                DrawPoint(Col+b-16,Row-15);
 881   3                }       
 882   2              
 883   2              }
 884   1      }
 885          
 886          
 887          void Drawhanzifix(unsigned char C,unsigned char row,unsigned char col)            //row пп:0~3  col ап:0~7   ц©╦Ж╨
             -╨вжу╪16*16╦Ж╣Ц         вСио╫гт╜╣Ц
 888          {       
 889   1          unsigned char b,Row,Col;
 890   1          unsigned char k;
 891   1              k=C;
 892   1              Row=(63-(16*row));
 893   1              Col=16*col;
 894   1      
 895   1                      for(b = 0;b<32;b++)
 896   1              {
 897   2               if(b<16)
 898   2               {
 899   3                if(((DzkCode[k][b]-Fix[b])&0x80)!=0)
 900   3                DrawPoint(Col+b,Row);
 901   3                      
 902   3                
 903   3                if(((DzkCode[k][b]-Fix[b])&0x40)!=0)
 904   3                DrawPoint(Col+b,Row-1);
 905   3                      
 906   3                if(((DzkCode[k][b]-Fix[b])&0x20)!=0)
 907   3                DrawPoint(Col+b,Row-2);
 908   3                      
 909   3                if(((DzkCode[k][b]-Fix[b])&0x10)!=0)
 910   3                DrawPoint(Col+b,Row-3);
 911   3      
 912   3                if(((DzkCode[k][b]-Fix[b])&0x08)!=0)
 913   3                DrawPoint(Col+b,Row-4);
 914   3                      
C51 COMPILER V9.00   LCD                                                                   03/11/2019 16:56:44 PAGE 16  

 915   3                if(((DzkCode[k][b]-Fix[b])&0x04)!=0)
 916   3                DrawPoint(Col+b,Row-5);
 917   3                 
 918   3                if(((DzkCode[k][b]-Fix[b])&0x02)!=0)
 919   3            DrawPoint(Col+b,Row-6);
 920   3                      
 921   3                if(((DzkCode[k][b]-Fix[b])&0x01)!=0)
 922   3                DrawPoint(Col+b,Row-7);
 923   3                }
 924   2                else
 925   2                {
 926   3                 if(((DzkCode[k][b]-Fix[b])&0x80)!=0)
 927   3                DrawPoint(Col+b-16,Row-8);
 928   3                      
 929   3                
 930   3                if(((DzkCode[k][b]-Fix[b])&0x40)!=0)
 931   3                DrawPoint(Col+b-16,Row-9);
 932   3                      
 933   3                if(((DzkCode[k][b]-Fix[b])&0x20)!=0)
 934   3                DrawPoint(Col+b-16,Row-10);
 935   3                      
 936   3                if(((DzkCode[k][b]-Fix[b])&0x10)!=0)
 937   3                DrawPoint(Col+b-16,Row-11);
 938   3      
 939   3                if(((DzkCode[k][b]-Fix[b])&0x08)!=0)
 940   3                DrawPoint(Col+b-16,Row-12);
 941   3                      
 942   3                if(((DzkCode[k][b]-Fix[b])&0x04)!=0)
 943   3                DrawPoint(Col+b-16,Row-13);
 944   3                 
 945   3                if(((DzkCode[k][b]-Fix[b])&0x02)!=0)
 946   3            DrawPoint(Col+b-16,Row-14);
 947   3                      
 948   3                if(((DzkCode[k][b]-Fix[b])&0x01)!=0)
 949   3                DrawPoint(Col+b-16,Row-15);
 950   3                }       
 951   2              
 952   2              }
 953   1      }
 954          
 955          
 956          void DrawhanziS(unsigned char *C,unsigned char row,unsigned char col)           //ц©ппвН╤Ю8╦Жвж╥Шё╛╤Юсз16╦Ж╩╩ппё║╧╡
             -4пп                вСио╫гт╜╣Ц
 957          {
 958   1        int flag=0,i=0;
 959   1        unsigned char R,L,TOTAL;
 960   1        TOTAL=(row*8)+col;
 961   1        if(TOTAL>63||row>3||col>15)
 962   1         {flag=1;}
 963   1      
 964   1        while(flag==0)
 965   1        {
 966   2         if(*C!='\0')
 967   2         {
 968   3           R= (TOTAL+i)/8 ;
 969   3               L=     (TOTAL+i)%8;
 970   3               Drawhanzifix(*C,R,L);
 971   3               C++;
 972   3               i++;
 973   3               if((TOTAL+i)>63)
 974   3                {
 975   4                       flag=1;
C51 COMPILER V9.00   LCD                                                                   03/11/2019 16:56:44 PAGE 17  

 976   4                }
 977   3         }
 978   2         else
 979   2         {
 980   3           flag=1;
 981   3         }
 982   2       }
 983   1      
 984   1      }
 985          
 986          


MODULE INFORMATION:   STATIC OVERLAYABLE
   CODE SIZE        =   3228    ----
   CONSTANT SIZE    =   1776    ----
   XDATA SIZE       =   ----    ----
   PDATA SIZE       =   ----    ----
   DATA SIZE        =      3      40
   IDATA SIZE       =   ----    ----
   BIT SIZE         =   ----    ----
END OF MODULE INFORMATION.


C51 COMPILATION COMPLETE.  0 WARNING(S),  0 ERROR(S)
