C51 COMPILER V9.00   KEY                                                                   04/08/2019 16:26:26 PAGE 1   


C51 COMPILER V9.00, COMPILATION OF MODULE KEY
OBJECT MODULE PLACED IN .\Object\key.obj
COMPILER INVOKED BY: D:\KeilC51\C51\BIN\C51.EXE Peripheral_C\key.c BROWSE INCDIR(.\Peripheral_H;.\Common) DEBUG OBJECTEX
                    -TEND PRINT(.\List\key.lst) OBJECT(.\Object\key.obj)

line level    source

   1          #include "C8051F020.h"
   2          /*
   3          void KeyPort_Init ()
   4          {
   5             P74OUT |= BIT0 ; //P4.0-P4.3设置为推挽输出
   6             P74OUT &= ~BIT1; //P4.4-P4.7设置成漏极开路输出
   7                  P4 |= BIT4 + BIT5 + BIT6 +BIT7; //置1漏极开路引脚的数据寄存器，使其为数字输入模式
   8          }
   9          */
  10          
  11          /*********************************************************************************************************
             -*
  12          PA1=P4.0  PA2=P4.1 PA3=P4.2 PB1=P4.4 PB2=P4.5 PB3=P4.6
  13          * 函数名称：KeyScan
  14          * 函数功能：按键扫描，返回0表示无键按下，1-16是正常返回
  15          **********************************************************************************************************
             -/
  16          unsigned char KeyScan(void)
  17          {
  18   1        unsigned long i;
  19   1      
  20   1        P4=(P4&0x80)|(P4&0x08)|0x70;
  21   1        if(0x70 == (P4 & 0x70)) // 没有按键，返回0
  22   1        {
  23   2          return 0;
  24   2        }
  25   1       
  26   1        for(i = 0;i < 5000;i++);  // 有键按下，延时先 可修改
  27   1        
  28   1       // 扫描KEY1 - KEY3
  29   1        P4=(P4&0x80)|(P4&0x08)|0x76;
  30   1        if(0x70 != (P4 & 0x70))
  31   1        {
  32   2          switch((P4 & 0x70))
  33   2          {
  34   3          case 0x60:
  35   3            return 1;
  36   3          case 0x50:
  37   3            return 2;
  38   3          case 0x30:
  39   3            return 3;      
  40   3        
  41   3          default:
  42   3            return 0; 
  43   3          }
  44   2        } 
  45   1      
  46   1        P4=(P4&0x80)|(P4&0x08)|0x75; // 扫描KEY4 - KEY6
  47   1        if(0x70 != (P4 & 0x70))
  48   1        {
  49   2          switch((P4 & 0x70))
  50   2          {
  51   3          case 0x60:
  52   3            return 4;
C51 COMPILER V9.00   KEY                                                                   04/08/2019 16:26:26 PAGE 2   

  53   3          case 0x50:
  54   3            return 5;
  55   3          case 0x30:
  56   3            return 6;     
  57   3          default:
  58   3            return 0; 
  59   3          }
  60   2        }    
  61   1      
  62   1        P4=(P4&0x80)|(P4&0x08)|0x73; // 扫描KEY7- KEY9
  63   1        if(0x70 != (P4 & 0x70))
  64   1        {
  65   2          switch((P4 & 0x70))
  66   2          {
  67   3          case 0x60:
  68   3            return 7;
  69   3          case 0x50:
  70   3            return 8;
  71   3          case 0x30:
  72   3            return 9;      
  73   3          default:
  74   3            return 0; 
  75   3          }
  76   2        }  
  77   1        return 0;
  78   1      }


MODULE INFORMATION:   STATIC OVERLAYABLE
   CODE SIZE        =    231    ----
   CONSTANT SIZE    =   ----    ----
   XDATA SIZE       =   ----    ----
   PDATA SIZE       =   ----    ----
   DATA SIZE        =   ----       4
   IDATA SIZE       =   ----    ----
   BIT SIZE         =   ----    ----
END OF MODULE INFORMATION.


C51 COMPILATION COMPLETE.  0 WARNING(S),  0 ERROR(S)
