C51 COMPILER V9.00   TIMER3                                                                04/05/2019 22:34:30 PAGE 1   


C51 COMPILER V9.00, COMPILATION OF MODULE TIMER3
OBJECT MODULE PLACED IN .\Object\Timer3.obj
COMPILER INVOKED BY: D:\KeilC51\C51\BIN\C51.EXE Peripheral_C\Timer3.c BROWSE INCDIR(.\Peripheral_H;.\Common) DEBUG OBJEC
                    -TEXTEND PRINT(.\List\Timer3.lst) OBJECT(.\Object\Timer3.obj)

line level    source

   1          #include "C8051F020.h"
   2          #include "timer3.h"
   3          
   4          unsigned int timeUnit=0;
   5          unsigned long timeTotal=0;
   6          unsigned char timeFlag = 0;
   7          
   8          void Timer_Init()
   9          {
  10   1          CKCON     = 0x20;
  11   1          TMR3CN    = 0x02;
  12   1      //    TMR3RLL   = 0xCD;  //定时器3计时1ms
  13   1      //    TMR3RLH   = 0xD4;
  14   1              TMR3RLL = 0xAE;    //定时器计时0.1ms
  15   1              TMR3RLH = 0xFB;
  16   1      }
  17          
  18          void OpenTimer3()  //开定时器
  19          {
  20   1              TMR3CN|=0x04;
  21   1      }
  22          
  23          void CloseTimer3() //关定时器
  24          {
  25   1              TMR3CN&=~0X04;
  26   1      }
  27          
  28          void TIMER3_ISR(void)interrupt 14
  29          {
  30   1              TMR3CN &= ~0x80;                     /* TMR3CN.7（TF3）置为0
  31   1                                                                                      TF3：定时器 3 溢出标志   
  32   1                                                                                      当定时器3从0xFFFF到0x0000溢出时由硬件置位。
  33   1                                                                                  当定时器3中断被允许时， 该位置‘1’使 CPU 转向定时器 3 的中断服务程序。
  34   1                                                                                  该位不能由硬件自动清 0， 必须用软件清 0。*/
  35   1              timeUnit++;
  36   1              if(timeUnit>=10)
  37   1              {
  38   2                      timeUnit=0;
  39   2      //              timeTotal++;
  40   2      //              P5 ^=0x01;                                              //P5.1交替闪亮
  41   2                      timeFlag = 1;
  42   2              }
  43   1      
  44   1              
  45   1      }


MODULE INFORMATION:   STATIC OVERLAYABLE
   CODE SIZE        =     59    ----
   CONSTANT SIZE    =   ----    ----
   XDATA SIZE       =   ----    ----
   PDATA SIZE       =   ----    ----
   DATA SIZE        =      7    ----
   IDATA SIZE       =   ----    ----
C51 COMPILER V9.00   TIMER3                                                                04/05/2019 22:34:30 PAGE 2   

   BIT SIZE         =   ----    ----
END OF MODULE INFORMATION.


C51 COMPILATION COMPLETE.  0 WARNING(S),  0 ERROR(S)
